[2014-10-23 00:01:06]	open file failed with
[2014-10-23 00:01:06]	http://www.gov.cn/xinwen/2014-10/09/content_2761506.htm
[2014-10-23 00:03:43]	open file failed with
[2014-10-23 00:03:43]	http://www.gov.cn/xinwen/2014-10/09/content_2761506.htm
[2014-10-23 00:04:59]	open file failed with
[2014-10-23 00:04:59]	http://www.gov.cn/guowuyuan/2014-10/07/content_2760879.htm
[2014-10-23 00:12:28]	open file failed with
[2014-10-23 00:12:28]	http://www.gov.cn/guowuyuan/2014-10/07/content_2760879.htm
[2014-10-23 00:14:00]	open file failed with
[2014-10-23 00:14:00]	http://www.gov.cn/guowuyuan/2014-10/07/content_2760879.htm
[2014-10-23 00:15:09]	open file failed with
[2014-10-23 00:15:09]	http://www.gov.cn/guowuyuan/2014-10/07/content_2760879.htm
[2014-10-23 00:15:50]	open file failed with
[2014-10-23 00:15:50]	http://www.gov.cn/guowuyuan/2014-10/07/content_2760879.htm
[2014-10-23 00:16:22]	open file failed with
[2014-10-23 00:16:22]	http://www.gov.cn/guowuyuan/2014-10/07/content_2760879.htm
[2014-10-23 00:18:57]	open file failed with
[2014-10-23 00:18:57]	test.txt
[2014-10-23 15:12:40]	open file failed with
[2014-10-23 15:12:40]	./test.htm
[2014-10-23 15:24:48]	open file failed with
[2014-10-23 15:24:48]	url
[2014-10-23 15:25:53]	open file failed with
[2014-10-23 15:25:53]	http://www.gov.cn/guowuyuan/2014-10/07/content_2760879.htm
