˿    ⹹  Q  Ļ    ȺԳ  ݱ΢  
˿    ⹹  Q  Ļ    ȺԳ  ݱ΢  
普通商品住房#房地产市场调控#住房城乡建设#违法违规行为#房价控制目标#保障性住房#商品住房#房地产经纪#用地供应#房地产开发企业#
普通商品住房/n_new/11.24#房地产市场调控/n_new/9.66#住房城乡建设/n_new/8.97#违法违规行为/n_new/8.75#房价控制目标/n_new/8.75#保障性住房/n_new/7.91#商品住房/n_new/7.15#房地产经纪/n_new/6.94#用地供应/n_new/6.40#房地产开发企业/n_new/6.27#
普通商品住房/n_new/11.24#房地产市场调控/n_new/9.66#住房城乡建设/n_new/8.97#违法违规行为/n_new/8.75#房价控制目标/n_new/8.75#保障性住房/n_new/7.91#商品住房/n_new/7.15#房地产经纪/n_new/6.94#用地供应/n_new/6.40#房地产开发企业/n_new/6.27#
房地产开发企业/n_new/11.91#摇号编号/n_new/11.87#摇号/n_new/9.72#选房/n_new/7.92#家庭成员信息/n_new/7.91#公示/n_new/7.74#商品住房/n_new/7.73#优先家庭/n_new/7.49#家庭成员/n_new/6.15#开发企业/n_new/5.84#
普通商品住房/n_new/11.24#房地产市场调控/n_new/9.66#住房城乡建设/n_new/8.97#违法违规行为/n_new/8.75#房价控制目标/n_new/8.75#保障性住房/n_new/7.91#商品住房/n_new/7.15#房地产经纪/n_new/6.94#用地供应/n_new/6.40#房地产开发企业/n_new/6.27#
房地产开发企业/n_new/11.91#摇号编号/n_new/11.87#摇号/n_new/9.72#选房/n_new/7.92#家庭成员信息/n_new/7.91#公示/n_new/7.74#商品住房/n_new/7.73#优先家庭/n_new/7.49#家庭成员/n_new/6.15#开发企业/n_new/5.84#
普通商品住房#房地产市场调控#住房城乡建设#违法违规行为#房价控制目标#保障性住房#商品住房#房地产经纪#用地供应#房地产开发企业#
房地产开发企业#摇号编号#摇号#选房#家庭成员信息#公示#商品住房#优先家庭#家庭成员#开发企业#
普通商品住房#房地产市场调控#住房城乡建设#违法违规行为#房价控制目标#保障性住房#商品住房#房地产经纪#用地供应#房地产开发企业#房地产企业信用#购房资格#保障性#信贷政策#个人转让住房#套型#购房资格审核#住房用地供应#开发企业#房地产企业#
房地产开发企业#摇号编号#摇号#选房#家庭成员信息#公示#商品住房#优先家庭#家庭成员#开发企业#证件号码#填写错误#成员信息变化#住房限购#套型#商品住房价格#身份证号#成员信息#现场确认#家庭可以#
普通商品住房#房地产市场调控#住房城乡建设#违法违规行为#房价控制目标#保障性住房#商品住房#房地产经纪#用地供应#房地产开发企业#房地产企业信用#购房资格#保障性#信贷政策#个人转让住房#套型#购房资格审核#住房用地供应#开发企业#房地产企业#
房地产开发企业#摇号编号#摇号#选房#家庭成员信息#公示#商品住房#优先家庭#家庭成员#开发企业#证件号码#填写错误#成员信息变化#住房限购#套型#商品住房价格#身份证号#成员信息#现场确认#家庭可以#
普通商品住房#房地产市场调控#住房城乡建设#违法违规行为#房价控制目标#保障性住房#商品住房#房地产经纪#用地供应#房地产开发企业#房地产企业信用#购房资格#保障性#信贷政策#个人转让住房#套型#购房资格审核#住房用地供应#开发企业#房地产企业#
房地产开发企业#摇号编号#摇号#选房#家庭成员信息#公示#商品住房#优先家庭#家庭成员#开发企业#证件号码#填写错误#成员信息变化#住房限购#套型#商品住房价格#身份证号#成员信息#现场确认#家庭可以#
普通商品住房#房地产市场调控#住房城乡建设#违法违规行为#房价控制目标#保障性住房#商品住房#房地产经纪#用地供应#房地产开发企业#房地产企业信用#购房资格#保障性#信贷政策#个人转让住房#套型#购房资格审核#住房用地供应#开发企业#房地产企业#
房地产开发企业#摇号编号#摇号#选房#家庭成员信息#公示#商品住房#优先家庭#家庭成员#开发企业#证件号码#填写错误#成员信息变化#住房限购#套型#商品住房价格#身份证号#成员信息#现场确认#家庭可以#
普通商品住房#房地产市场调控#住房城乡建设#违法违规行为#房价控制目标#保障性住房#商品住房#房地产经纪#用地供应#房地产开发企业#房地产企业信用#购房资格#保障性#信贷政策#个人转让住房#套型#购房资格审核#住房用地供应#开发企业#房地产企业#
房地产开发企业#摇号编号#摇号#选房#家庭成员信息#公示#商品住房#优先家庭#家庭成员#开发企业#证件号码#填写错误#成员信息变化#住房限购#套型#商品住房价格#身份证号#成员信息#现场确认#家庭可以#
普通商品住房#房地产市场调控#住房城乡建设#违法违规行为#房价控制目标#保障性住房#商品住房#房地产经纪#用地供应#房地产开发企业#房地产企业信用#购房资格#保障性#信贷政策#个人转让住房#套型#购房资格审核#住房用地供应#开发企业#房地产企业#
房地产开发企业#摇号编号#摇号#选房#家庭成员信息#公示#商品住房#优先家庭#家庭成员#开发企业#证件号码#填写错误#成员信息变化#住房限购#套型#商品住房价格#身份证号#成员信息#现场确认#家庭可以#
普通商品住房#房地产市场调控#住房城乡建设#违法违规行为#房价控制目标#保障性住房#商品住房#房地产经纪#用地供应#房地产开发企业#房地产企业信用#购房资格#保障性#信贷政策#个人转让住房#套型#购房资格审核#住房用地供应#开发企业#房地产企业#
房地产开发企业#摇号编号#摇号#选房#家庭成员信息#公示#商品住房#优先家庭#家庭成员#开发企业#证件号码#填写错误#成员信息变化#住房限购#套型#商品住房价格#身份证号#成员信息#现场确认#家庭可以#
普通商品住房#房地产市场调控#住房城乡建设#违法违规行为#房价控制目标#保障性住房#商品住房#房地产经纪#用地供应#房地产开发企业#房地产企业信用#购房资格#保障性#信贷政策#个人转让住房#套型#购房资格审核#住房用地供应#开发企业#房地产企业#
房地产开发企业#摇号编号#摇号#选房#家庭成员信息#公示#商品住房#优先家庭#家庭成员#开发企业#证件号码#填写错误#成员信息变化#住房限购#套型#商品住房价格#身份证号#成员信息#现场确认#家庭可以#
普通商品住房#房地产市场调控#住房城乡建设#违法违规行为#房价控制目标#保障性住房#商品住房#房地产经纪#用地供应#房地产开发企业#房地产企业信用#购房资格#保障性#信贷政策#个人转让住房#套型#购房资格审核#住房用地供应#开发企业#房地产企业#
房地产开发企业#摇号编号#摇号#选房#家庭成员信息#公示#商品住房#优先家庭#家庭成员#开发企业#证件号码#填写错误#成员信息变化#住房限购#套型#商品住房价格#身份证号#成员信息#现场确认#家庭可以#
普通商品住房#房地产市场调控#住房城乡建设#违法违规行为#房价控制目标#保障性住房#商品住房#房地产经纪#用地供应#房地产开发企业#房地产企业信用#购房资格#保障性#信贷政策#个人转让住房#套型#购房资格审核#住房用地供应#开发企业#房地产企业#
房地产开发企业#摇号编号#摇号#选房#家庭成员信息#公示#商品住房#优先家庭#家庭成员#开发企业#证件号码#填写错误#成员信息变化#住房限购#套型#商品住房价格#身份证号#成员信息#现场确认#家庭可以#
普通商品住房#房地产市场调控#住房城乡建设#违法违规行为#房价控制目标#保障性住房#商品住房#房地产经纪#用地供应#房地产开发企业#房地产企业信用#购房资格#保障性#信贷政策#个人转让住房#套型#购房资格审核#住房用地供应#开发企业#房地产企业#
房地产开发企业#摇号编号#摇号#选房#家庭成员信息#公示#商品住房#优先家庭#家庭成员#开发企业#证件号码#填写错误#成员信息变化#住房限购#套型#商品住房价格#身份证号#成员信息#现场确认#家庭可以#
普通商品住房#房地产市场调控#住房城乡建设#违法违规行为#房价控制目标#保障性住房#商品住房#房地产经纪#用地供应#房地产开发企业#房地产企业信用#购房资格#保障性#信贷政策#个人转让住房#套型#购房资格审核#住房用地供应#开发企业#房地产企业#
房地产开发企业#摇号编号#摇号#选房#家庭成员信息#公示#商品住房#优先家庭#家庭成员#开发企业#证件号码#填写错误#成员信息变化#住房限购#套型#商品住房价格#身份证号#成员信息#现场确认#家庭可以#
普通商品住房#房地产市场调控#住房城乡建设#违法违规行为#房价控制目标#保障性住房#商品住房#房地产经纪#用地供应#房地产开发企业#房地产企业信用#购房资格#保障性#信贷政策#个人转让住房#套型#购房资格审核#住房用地供应#开发企业#房地产企业#
房地产开发企业#摇号编号#摇号#选房#家庭成员信息#公示#商品住房#优先家庭#家庭成员#开发企业#证件号码#填写错误#成员信息变化#住房限购#套型#商品住房价格#身份证号#成员信息#现场确认#家庭可以#
普通商品住房#房地产市场调控#住房城乡建设#违法违规行为#房价控制目标#保障性住房#商品住房#房地产经纪#用地供应#房地产开发企业#房地产企业信用#购房资格#保障性#信贷政策#个人转让住房#套型#购房资格审核#住房用地供应#开发企业#房地产企业#
房地产开发企业#摇号编号#摇号#选房#家庭成员信息#公示#商品住房#优先家庭#家庭成员#开发企业#证件号码#填写错误#成员信息变化#住房限购#套型#商品住房价格#身份证号#成员信息#现场确认#家庭可以#
普通商品住房#房地产市场调控#住房城乡建设#违法违规行为#房价控制目标#保障性住房#商品住房#房地产经纪#用地供应#房地产开发企业#房地产企业信用#购房资格#保障性#信贷政策#个人转让住房#套型#购房资格审核#住房用地供应#开发企业#房地产企业#
房地产开发企业#摇号编号#摇号#选房#家庭成员信息#公示#商品住房#优先家庭#家庭成员#开发企业#证件号码#填写错误#成员信息变化#住房限购#套型#商品住房价格#身份证号#成员信息#现场确认#家庭可以#
普通商品住房#房地产市场调控#住房城乡建设#违法违规行为#房价控制目标#保障性住房#商品住房#房地产经纪#用地供应#房地产开发企业#房地产企业信用#购房资格#保障性#信贷政策#个人转让住房#套型#购房资格审核#住房用地供应#开发企业#房地产企业#
房地产开发企业#摇号编号#摇号#选房#家庭成员信息#公示#商品住房#优先家庭#家庭成员#开发企业#证件号码#填写错误#成员信息变化#住房限购#套型#商品住房价格#身份证号#成员信息#现场确认#家庭可以#
普通商品住房#房地产市场调控#住房城乡建设#违法违规行为#房价控制目标#保障性住房#商品住房#房地产经纪#用地供应#房地产开发企业#房地产企业信用#购房资格#保障性#信贷政策#个人转让住房#套型#购房资格审核#住房用地供应#开发企业#房地产企业#
房地产开发企业#摇号编号#摇号#选房#家庭成员信息#公示#商品住房#优先家庭#家庭成员#开发企业#证件号码#填写错误#成员信息变化#住房限购#套型#商品住房价格#身份证号#成员信息#现场确认#家庭可以#
普通商品住房#房地产市场调控#住房城乡建设#违法违规行为#房价控制目标#保障性住房#商品住房#房地产经纪#用地供应#房地产开发企业#房地产企业信用#购房资格#保障性#信贷政策#个人转让住房#套型#购房资格审核#住房用地供应#开发企业#房地产企业#
房地产开发企业#摇号编号#摇号#选房#家庭成员信息#公示#商品住房#优先家庭#家庭成员#开发企业#证件号码#填写错误#成员信息变化#住房限购#套型#商品住房价格#身份证号#成员信息#现场确认#家庭可以#
普通商品住房#房地产市场调控#住房城乡建设#违法违规行为#房价控制目标#保障性住房#商品住房#房地产经纪#用地供应#房地产开发企业#房地产企业信用#购房资格#保障性#信贷政策#个人转让住房#套型#购房资格审核#住房用地供应#开发企业#房地产企业#
房地产开发企业#摇号编号#摇号#选房#家庭成员信息#公示#商品住房#优先家庭#家庭成员#开发企业#证件号码#填写错误#成员信息变化#住房限购#套型#商品住房价格#身份证号#成员信息#现场确认#家庭可以#
普通商品住房#房地产市场调控#住房城乡建设#违法违规行为#房价控制目标#保障性住房#商品住房#房地产经纪#用地供应#房地产开发企业#房地产企业信用#购房资格#保障性#信贷政策#个人转让住房#套型#购房资格审核#住房用地供应#开发企业#房地产企业#
房地产开发企业#摇号编号#摇号#选房#家庭成员信息#公示#商品住房#优先家庭#家庭成员#开发企业#证件号码#填写错误#成员信息变化#住房限购#套型#商品住房价格#身份证号#成员信息#现场确认#家庭可以#
普通商品住房#房地产市场调控#住房城乡建设#违法违规行为#房价控制目标#保障性住房#商品住房#房地产经纪#用地供应#房地产开发企业#房地产企业信用#购房资格#保障性#信贷政策#个人转让住房#套型#购房资格审核#住房用地供应#开发企业#房地产企业#
房地产开发企业#摇号编号#摇号#选房#家庭成员信息#公示#商品住房#优先家庭#家庭成员#开发企业#证件号码#填写错误#成员信息变化#住房限购#套型#商品住房价格#身份证号#成员信息#现场确认#家庭可以#
普通商品住房#房地产市场调控#住房城乡建设#违法违规行为#房价控制目标#保障性住房#商品住房#房地产经纪#用地供应#房地产开发企业#房地产企业信用#购房资格#保障性#信贷政策#个人转让住房#套型#购房资格审核#住房用地供应#开发企业#房地产企业#
房地产开发企业#摇号编号#摇号#选房#家庭成员信息#公示#商品住房#优先家庭#家庭成员#开发企业#证件号码#填写错误#成员信息变化#住房限购#套型#商品住房价格#身份证号#成员信息#现场确认#家庭可以#
普通商品住房#房地产市场调控#住房城乡建设#违法违规行为#房价控制目标#保障性住房#商品住房#房地产经纪#用地供应#房地产开发企业#房地产企业信用#购房资格#保障性#信贷政策#个人转让住房#套型#购房资格审核#住房用地供应#开发企业#房地产企业#
房地产开发企业#摇号编号#摇号#选房#家庭成员信息#公示#商品住房#优先家庭#家庭成员#开发企业#证件号码#填写错误#成员信息变化#住房限购#套型#商品住房价格#身份证号#成员信息#现场确认#家庭可以#
普通商品住房#房地产市场调控#住房城乡建设#违法违规行为#房价控制目标#保障性住房#商品住房#房地产经纪#用地供应#房地产开发企业#房地产企业信用#购房资格#保障性#信贷政策#个人转让住房#套型#购房资格审核#住房用地供应#开发企业#房地产企业#
房地产开发企业#摇号编号#摇号#选房#家庭成员信息#公示#商品住房#优先家庭#家庭成员#开发企业#证件号码#填写错误#成员信息变化#住房限购#套型#商品住房价格#身份证号#成员信息#现场确认#家庭可以#
普通商品住房#房地产市场调控#住房城乡建设#违法违规行为#房价控制目标#保障性住房#商品住房#房地产经纪#用地供应#房地产开发企业#房地产企业信用#购房资格#保障性#信贷政策#个人转让住房#套型#购房资格审核#住房用地供应#开发企业#房地产企业#
房地产开发企业#摇号编号#摇号#选房#家庭成员信息#公示#商品住房#优先家庭#家庭成员#开发企业#证件号码#填写错误#成员信息变化#住房限购#套型#商品住房价格#身份证号#成员信息#现场确认#家庭可以#
普通商品住房#房地产市场调控#住房城乡建设#违法违规行为#房价控制目标#保障性住房#商品住房#房地产经纪#用地供应#房地产开发企业#房地产企业信用#购房资格#保障性#信贷政策#个人转让住房#套型#购房资格审核#住房用地供应#开发企业#房地产企业#
房地产开发企业#摇号编号#摇号#选房#家庭成员信息#公示#商品住房#优先家庭#家庭成员#开发企业#证件号码#填写错误#成员信息变化#住房限购#套型#商品住房价格#身份证号#成员信息#现场确认#家庭可以#
普通商品住房#房地产市场调控#住房城乡建设#违法违规行为#房价控制目标#保障性住房#商品住房#房地产经纪#用地供应#房地产开发企业#房地产企业信用#购房资格#保障性#信贷政策#个人转让住房#套型#购房资格审核#住房用地供应#开发企业#房地产企业#
房地产开发企业#摇号编号#摇号#选房#家庭成员信息#公示#商品住房#优先家庭#家庭成员#开发企业#证件号码#填写错误#成员信息变化#住房限购#套型#商品住房价格#身份证号#成员信息#现场确认#家庭可以#
普通商品住房#房地产市场调控#住房城乡建设#违法违规行为#房价控制目标#保障性住房#商品住房#房地产经纪#用地供应#房地产开发企业#房地产企业信用#购房资格#保障性#信贷政策#个人转让住房#套型#购房资格审核#住房用地供应#开发企业#房地产企业#
房地产开发企业#摇号编号#摇号#选房#家庭成员信息#公示#商品住房#优先家庭#家庭成员#开发企业#证件号码#填写错误#成员信息变化#住房限购#套型#商品住房价格#身份证号#成员信息#现场确认#家庭可以#
普通商品住房#房地产市场调控#住房城乡建设#违法违规行为#房价控制目标#保障性住房#商品住房#房地产经纪#用地供应#房地产开发企业#房地产企业信用#购房资格#保障性#信贷政策#个人转让住房#套型#购房资格审核#住房用地供应#开发企业#房地产企业#
房地产开发企业#摇号编号#摇号#选房#家庭成员信息#公示#商品住房#优先家庭#家庭成员#开发企业#证件号码#填写错误#成员信息变化#住房限购#套型#商品住房价格#身份证号#成员信息#现场确认#家庭可以#
普通商品住房#房地产市场调控#住房城乡建设#违法违规行为#房价控制目标#保障性住房#商品住房#房地产经纪#用地供应#房地产开发企业#房地产企业信用#购房资格#保障性#信贷政策#个人转让住房#套型#购房资格审核#住房用地供应#开发企业#房地产企业#
房地产开发企业#摇号编号#摇号#选房#家庭成员信息#公示#商品住房#优先家庭#家庭成员#开发企业#证件号码#填写错误#成员信息变化#住房限购#套型#商品住房价格#身份证号#成员信息#现场确认#家庭可以#
普通商品住房#房地产市场调控#住房城乡建设#违法违规行为#房价控制目标#保障性住房#商品住房#房地产经纪#用地供应#房地产开发企业#房地产企业信用#购房资格#保障性#信贷政策#个人转让住房#套型#购房资格审核#住房用地供应#开发企业#房地产企业#
房地产开发企业#摇号编号#摇号#选房#家庭成员信息#公示#商品住房#优先家庭#家庭成员#开发企业#证件号码#填写错误#成员信息变化#住房限购#套型#商品住房价格#身份证号#成员信息#现场确认#家庭可以#
普通商品住房#房地产市场调控#住房城乡建设#违法违规行为#房价控制目标#保障性住房#商品住房#房地产经纪#用地供应#房地产开发企业#房地产企业信用#购房资格#保障性#信贷政策#个人转让住房#套型#购房资格审核#住房用地供应#开发企业#房地产企业#
房地产开发企业#摇号编号#摇号#选房#家庭成员信息#公示#商品住房#优先家庭#家庭成员#开发企业#证件号码#填写错误#成员信息变化#住房限购#套型#商品住房价格#身份证号#成员信息#现场确认#家庭可以#
普通商品住房#房地产市场调控#住房城乡建设#违法违规行为#房价控制目标#保障性住房#商品住房#房地产经纪#用地供应#房地产开发企业#房地产企业信用#购房资格#保障性#信贷政策#个人转让住房#套型#购房资格审核#住房用地供应#开发企业#房地产企业#
房地产开发企业#摇号编号#摇号#选房#家庭成员信息#公示#商品住房#优先家庭#家庭成员#开发企业#证件号码#填写错误#成员信息变化#住房限购#套型#商品住房价格#身份证号#成员信息#现场确认#家庭可以#
普通商品住房#房地产市场调控#住房城乡建设#违法违规行为#房价控制目标#保障性住房#商品住房#房地产经纪#用地供应#房地产开发企业#房地产企业信用#购房资格#保障性#信贷政策#个人转让住房#套型#购房资格审核#住房用地供应#开发企业#房地产企业#
房地产开发企业#摇号编号#摇号#选房#家庭成员信息#公示#商品住房#优先家庭#家庭成员#开发企业#证件号码#填写错误#成员信息变化#住房限购#套型#商品住房价格#身份证号#成员信息#现场确认#家庭可以#
普通商品住房#房地产市场调控#住房城乡建设#违法违规行为#房价控制目标#保障性住房#商品住房#房地产经纪#用地供应#房地产开发企业#房地产企业信用#购房资格#保障性#信贷政策#个人转让住房#套型#购房资格审核#住房用地供应#开发企业#房地产企业#
房地产开发企业#摇号编号#摇号#选房#家庭成员信息#公示#商品住房#优先家庭#家庭成员#开发企业#证件号码#填写错误#成员信息变化#住房限购#套型#商品住房价格#身份证号#成员信息#现场确认#家庭可以#
普通商品住房#房地产市场调控#住房城乡建设#违法违规行为#房价控制目标#保障性住房#商品住房#房地产经纪#用地供应#房地产开发企业#房地产企业信用#购房资格#保障性#信贷政策#个人转让住房#套型#购房资格审核#住房用地供应#开发企业#房地产企业#
房地产开发企业#摇号编号#摇号#选房#家庭成员信息#公示#商品住房#优先家庭#家庭成员#开发企业#证件号码#填写错误#成员信息变化#住房限购#套型#商品住房价格#身份证号#成员信息#现场确认#家庭可以#
普通商品住房#房地产市场调控#住房城乡建设#违法违规行为#房价控制目标#保障性住房#商品住房#房地产经纪#用地供应#房地产开发企业#房地产企业信用#购房资格#保障性#信贷政策#个人转让住房#套型#购房资格审核#住房用地供应#开发企业#房地产企业#
房地产开发企业#摇号编号#摇号#选房#家庭成员信息#公示#商品住房#优先家庭#家庭成员#开发企业#证件号码#填写错误#成员信息变化#住房限购#套型#商品住房价格#身份证号#成员信息#现场确认#家庭可以#
普通商品住房#房地产市场调控#住房城乡建设#违法违规行为#房价控制目标#保障性住房#商品住房#房地产经纪#用地供应#房地产开发企业#房地产企业信用#购房资格#保障性#信贷政策#个人转让住房#套型#购房资格审核#住房用地供应#开发企业#房地产企业#
房地产开发企业#摇号编号#摇号#选房#家庭成员信息#公示#商品住房#优先家庭#家庭成员#开发企业#证件号码#填写错误#成员信息变化#住房限购#套型#商品住房价格#身份证号#成员信息#现场确认#家庭可以#
普通商品住房#房地产市场调控#住房城乡建设#违法违规行为#房价控制目标#保障性住房#商品住房#房地产经纪#用地供应#房地产开发企业#房地产企业信用#购房资格#保障性#信贷政策#个人转让住房#套型#购房资格审核#住房用地供应#开发企业#房地产企业#
房地产开发企业#摇号编号#摇号#选房#家庭成员信息#公示#商品住房#优先家庭#家庭成员#开发企业#证件号码#填写错误#成员信息变化#住房限购#套型#商品住房价格#身份证号#成员信息#现场确认#家庭可以#
普通商品住房#房地产市场调控#住房城乡建设#违法违规行为#房价控制目标#保障性住房#商品住房#房地产经纪#用地供应#房地产开发企业#房地产企业信用#购房资格#保障性#信贷政策#个人转让住房#套型#购房资格审核#住房用地供应#开发企业#房地产企业#
房地产开发企业#摇号编号#摇号#选房#家庭成员信息#公示#商品住房#优先家庭#家庭成员#开发企业#证件号码#填写错误#成员信息变化#住房限购#套型#商品住房价格#身份证号#成员信息#现场确认#家庭可以#
普通商品住房#房地产市场调控#住房城乡建设#违法违规行为#房价控制目标#保障性住房#商品住房#房地产经纪#用地供应#房地产开发企业#房地产企业信用#购房资格#保障性#信贷政策#个人转让住房#套型#购房资格审核#住房用地供应#开发企业#房地产企业#
房地产开发企业#摇号编号#摇号#选房#家庭成员信息#公示#商品住房#优先家庭#家庭成员#开发企业#证件号码#填写错误#成员信息变化#住房限购#套型#商品住房价格#身份证号#成员信息#现场确认#家庭可以#
普通商品住房#房地产市场调控#住房城乡建设#违法违规行为#房价控制目标#保障性住房#商品住房#房地产经纪#用地供应#房地产开发企业#房地产企业信用#购房资格#保障性#信贷政策#个人转让住房#套型#购房资格审核#住房用地供应#开发企业#房地产企业#
房地产开发企业#摇号编号#摇号#选房#家庭成员信息#公示#商品住房#优先家庭#家庭成员#开发企业#证件号码#填写错误#成员信息变化#住房限购#套型#商品住房价格#身份证号#成员信息#现场确认#家庭可以#
普通商品住房#房地产市场调控#住房城乡建设#违法违规行为#房价控制目标#保障性住房#商品住房#房地产经纪#用地供应#房地产开发企业#房地产企业信用#购房资格#保障性#信贷政策#个人转让住房#套型#购房资格审核#住房用地供应#开发企业#房地产企业#
房地产开发企业#摇号编号#摇号#选房#家庭成员信息#公示#商品住房#优先家庭#家庭成员#开发企业#证件号码#填写错误#成员信息变化#住房限购#套型#商品住房价格#身份证号#成员信息#现场确认#家庭可以#
普通商品住房#房地产市场调控#住房城乡建设#违法违规行为#房价控制目标#保障性住房#商品住房#房地产经纪#用地供应#房地产开发企业#房地产企业信用#购房资格#保障性#信贷政策#个人转让住房#套型#购房资格审核#住房用地供应#开发企业#房地产企业#
房地产开发企业#摇号编号#摇号#选房#家庭成员信息#公示#商品住房#优先家庭#家庭成员#开发企业#证件号码#填写错误#成员信息变化#住房限购#套型#商品住房价格#身份证号#成员信息#现场确认#家庭可以#
普通商品住房#房地产市场调控#住房城乡建设#违法违规行为#房价控制目标#保障性住房#商品住房#房地产经纪#用地供应#房地产开发企业#房地产企业信用#购房资格#保障性#信贷政策#个人转让住房#套型#购房资格审核#住房用地供应#开发企业#房地产企业#
房地产开发企业#摇号编号#摇号#选房#家庭成员信息#公示#商品住房#优先家庭#家庭成员#开发企业#证件号码#填写错误#成员信息变化#住房限购#套型#商品住房价格#身份证号#成员信息#现场确认#家庭可以#
普通商品住房#房地产市场调控#住房城乡建设#违法违规行为#房价控制目标#保障性住房#商品住房#房地产经纪#用地供应#房地产开发企业#房地产企业信用#购房资格#保障性#信贷政策#个人转让住房#套型#购房资格审核#住房用地供应#开发企业#房地产企业#
房地产开发企业#摇号编号#摇号#选房#家庭成员信息#公示#商品住房#优先家庭#家庭成员#开发企业#证件号码#填写错误#成员信息变化#住房限购#套型#商品住房价格#身份证号#成员信息#现场确认#家庭可以#
普通商品住房/n_new/11.24#房地产市场调控/n_new/9.66#住房城乡建设/n_new/8.97#违法违规行为/n_new/8.75#房价控制目标/n_new/8.75#保障性住房/n_new/7.91#商品住房/n_new/7.15#房地产经纪/n_new/6.94#用地供应/n_new/6.40#房地产开发企业/n_new/6.27#房地产企业信用/n_new/6.26#购房资格/n_new/6.17#保障性/n_new/5.48#信贷政策/n_new/5.28#个人转让住房/n_new/4.99#套型/n_new/4.99#购房资格审核/n_new/4.99#住房用地供应/n_new/4.99#开发企业/n_new/4.69#房地产企业/n_new/4.69#
房地产开发企业/n_new/11.91#摇号编号/n_new/11.87#摇号/n_new/9.72#选房/n_new/7.92#家庭成员信息/n_new/7.91#公示/n_new/7.74#商品住房/n_new/7.73#优先家庭/n_new/7.49#家庭成员/n_new/6.15#开发企业/n_new/5.84#证件号码/n_new/5.82#填写错误/n_new/5.27#成员信息变化/n_new/5.00#住房限购/n_new/4.99#套型/n_new/4.68#商品住房价格/n_new/4.59#身份证号/n_new/4.16#成员信息/n_new/3.85#现场确认/n_new/3.85#家庭可以/n_new/3.49#
普通商品住房/n_new/11.24#房地产市场调控/n_new/9.66#住房城乡建设/n_new/8.97#违法违规行为/n_new/8.75#房价控制目标/n_new/8.75#保障性住房/n_new/7.91#商品住房/n_new/7.15#房地产经纪/n_new/6.94#用地供应/n_new/6.40#房地产开发企业/n_new/6.27#房地产企业信用/n_new/6.26#购房资格/n_new/6.17#保障性/n_new/5.48#信贷政策/n_new/5.28#个人转让住房/n_new/4.99#套型/n_new/4.99#购房资格审核/n_new/4.99#住房用地供应/n_new/4.99#开发企业/n_new/4.69#房地产企业/n_new/4.69#
房地产开发企业/n_new/11.91#摇号编号/n_new/11.87#摇号/n_new/9.72#选房/n_new/7.92#家庭成员信息/n_new/7.91#公示/n_new/7.74#商品住房/n_new/7.73#优先家庭/n_new/7.49#家庭成员/n_new/6.15#开发企业/n_new/5.84#证件号码/n_new/5.82#填写错误/n_new/5.27#成员信息变化/n_new/5.00#住房限购/n_new/4.99#套型/n_new/4.68#商品住房价格/n_new/4.59#身份证号/n_new/4.16#成员信息/n_new/3.85#现场确认/n_new/3.85#家庭可以/n_new/3.49#
普通商品住房/n_new/11.24#房地产市场调控/n_new/9.66#住房城乡建设/n_new/8.97#违法违规行为/n_new/8.75#房价控制目标/n_new/8.75#保障性住房/n_new/7.91#商品住房/n_new/7.15#房地产经纪/n_new/6.94#用地供应/n_new/6.40#房地产开发企业/n_new/6.27#房地产企业信用/n_new/6.26#购房资格/n_new/6.17#保障性/n_new/5.48#信贷政策/n_new/5.28#个人转让住房/n_new/4.99#套型/n_new/4.99#购房资格审核/n_new/4.99#住房用地供应/n_new/4.99#开发企业/n_new/4.69#房地产企业/n_new/4.69#
房地产开发企业/n_new/11.91#摇号编号/n_new/11.87#摇号/n_new/9.72#选房/n_new/7.92#家庭成员信息/n_new/7.91#公示/n_new/7.74#商品住房/n_new/7.73#优先家庭/n_new/7.49#家庭成员/n_new/6.15#开发企业/n_new/5.84#证件号码/n_new/5.82#填写错误/n_new/5.27#成员信息变化/n_new/5.00#住房限购/n_new/4.99#套型/n_new/4.68#商品住房价格/n_new/4.59#身份证号/n_new/4.16#成员信息/n_new/3.85#现场确认/n_new/3.85#家庭可以/n_new/3.49#
普通商品住房/n_new/11.24#房地产市场调控/n_new/9.66#住房城乡建设/n_new/8.97#违法违规行为/n_new/8.75#房价控制目标/n_new/8.75#保障性住房/n_new/7.91#商品住房/n_new/7.15#房地产经纪/n_new/6.94#用地供应/n_new/6.40#房地产开发企业/n_new/6.27#房地产企业信用/n_new/6.26#购房资格/n_new/6.17#保障性/n_new/5.48#信贷政策/n_new/5.28#个人转让住房/n_new/4.99#套型/n_new/4.99#购房资格审核/n_new/4.99#住房用地供应/n_new/4.99#开发企业/n_new/4.69#房地产企业/n_new/4.69#
房地产开发企业/n_new/11.91#摇号编号/n_new/11.87#摇号/n_new/9.72#选房/n_new/7.92#家庭成员信息/n_new/7.91#公示/n_new/7.74#商品住房/n_new/7.73#优先家庭/n_new/7.49#家庭成员/n_new/6.15#开发企业/n_new/5.84#证件号码/n_new/5.82#填写错误/n_new/5.27#成员信息变化/n_new/5.00#住房限购/n_new/4.99#套型/n_new/4.68#商品住房价格/n_new/4.59#身份证号/n_new/4.16#成员信息/n_new/3.85#现场确认/n_new/3.85#家庭可以/n_new/3.49#
普通商品住房/n_new/11.24#房地产市场调控/n_new/9.66#住房城乡建设/n_new/8.97#违法违规行为/n_new/8.75#房价控制目标/n_new/8.75#保障性住房/n_new/7.91#商品住房/n_new/7.15#房地产经纪/n_new/6.94#用地供应/n_new/6.40#房地产开发企业/n_new/6.27#房地产企业信用/n_new/6.26#购房资格/n_new/6.17#保障性/n_new/5.48#信贷政策/n_new/5.28#个人转让住房/n_new/4.99#套型/n_new/4.99#购房资格审核/n_new/4.99#住房用地供应/n_new/4.99#开发企业/n_new/4.69#房地产企业/n_new/4.69#
房地产开发企业/n_new/11.91#摇号编号/n_new/11.87#摇号/n_new/9.72#选房/n_new/7.92#家庭成员信息/n_new/7.91#公示/n_new/7.74#商品住房/n_new/7.73#优先家庭/n_new/7.49#家庭成员/n_new/6.15#开发企业/n_new/5.84#证件号码/n_new/5.82#填写错误/n_new/5.27#成员信息变化/n_new/5.00#住房限购/n_new/4.99#套型/n_new/4.68#商品住房价格/n_new/4.59#身份证号/n_new/4.16#成员信息/n_new/3.85#现场确认/n_new/3.85#家庭可以/n_new/3.49#
钢结构/n_new/8.05#主桁架/n_new/8.05#厚板焊接/n_new/7.91#桁架柱/n_new/6.94#安装精度/n_new/5.82#铸钢件/n_new/4.99#冬雨季施工/n_new/4.99#北京市建筑/n_new/4.68#国家体育场/n_new/4.42#建设工程/n_new/3.34#存在多/n_new/3.34#形成整体/n_new/3.34#温度变化/n_new/3.33#杆件/n_new/3.33#体育建筑/n_new/3.33#结构复杂/n_new/3.33#工期紧/n_new/3.33#空间马鞍/n_new/3.33#吊耳/n_new/3.33#土建施工/n_new/3.33#
保障性住房/n_new/17.54#公共租赁住房/n_new/16.36#注册执业人员/n_new/15.45#质量安全事故/n_new/15.04#住房城乡建设/n_new/14.37#建筑市场/n_new/13.91#质量安全/n_new/12.65#安全生产/n_new/12.40#绿色建筑/n_new/12.25#施工现场/n_new/11.01#房屋登记/n_new/10.71#建筑节能/n_new/10.31#建设主管部门/n_new/10.03#违法违规行为/n_new/9.86#评标/n_new/9.81#管理办法/n_new/9.73#第三方/n_new/9.60#房地产开发企业/n_new/9.59#建筑材料/n_new/9.09#配租/n_new/8.93#
钢结构/n_new/8.05#主桁架/n_new/8.05#厚板焊接/n_new/7.91#桁架柱/n_new/6.94#安装精度/n_new/5.82#铸钢件/n_new/4.99#冬雨季施工/n_new/4.99#北京市建筑/n_new/4.68#国家体育场/n_new/4.42#建设工程/n_new/3.34#存在多/n_new/3.34#形成整体/n_new/3.34#温度变化/n_new/3.33#杆件/n_new/3.33#体育建筑/n_new/3.33#结构复杂/n_new/3.33#工期紧/n_new/3.33#空间马鞍/n_new/3.33#吊耳/n_new/3.33#土建施工/n_new/3.33#
保障性住房/n_new/17.54#公共租赁住房/n_new/16.36#注册执业人员/n_new/15.45#质量安全事故/n_new/15.04#住房城乡建设/n_new/14.37#建筑市场/n_new/13.91#质量安全/n_new/12.65#安全生产/n_new/12.40#绿色建筑/n_new/12.25#施工现场/n_new/11.01#房屋登记/n_new/10.71#建筑节能/n_new/10.31#建设主管部门/n_new/10.03#违法违规行为/n_new/9.86#评标/n_new/9.81#管理办法/n_new/9.73#第三方/n_new/9.60#房地产开发企业/n_new/9.59#建筑材料/n_new/9.09#配租/n_new/8.93#
保障性住房/n_new/17.54#公共租赁住房/n_new/16.36#注册执业人员/n_new/15.45#质量安全事故/n_new/15.04#住房城乡建设/n_new/14.37#建筑市场/n_new/13.91#质量安全/n_new/12.65#安全生产/n_new/12.40#绿色建筑/n_new/12.25#施工现场/n_new/11.01#房屋登记/n_new/10.71#建筑节能/n_new/10.31#建设主管部门/n_new/10.03#违法违规行为/n_new/9.86#评标/n_new/9.81#管理办法/n_new/9.73#第三方/n_new/9.60#房地产开发企业/n_new/9.59#建筑材料/n_new/9.09#配租/n_new/8.93#
保障性住房/n_new/17.54#公共租赁住房/n_new/16.36#注册执业人员/n_new/15.45#质量安全事故/n_new/15.04#住房城乡建设/n_new/14.37#建筑市场/n_new/13.91#质量安全/n_new/12.65#安全生产/n_new/12.40#绿色建筑/n_new/12.25#施工现场/n_new/11.01#房屋登记/n_new/10.71#建筑节能/n_new/10.31#建设主管部门/n_new/10.03#违法违规行为/n_new/9.86#评标/n_new/9.81#管理办法/n_new/9.73#第三方/n_new/9.60#房地产开发企业/n_new/9.59#建筑材料/n_new/9.09#配租/n_new/8.93#
保障性住房/n_new/17.54#公共租赁住房/n_new/16.36#注册执业人员/n_new/15.45#质量安全事故/n_new/15.04#住房城乡建设/n_new/14.37#建筑市场/n_new/13.91#质量安全/n_new/12.65#安全生产/n_new/12.40#绿色建筑/n_new/12.25#施工现场/n_new/11.01#房屋登记/n_new/10.71#建筑节能/n_new/10.31#建设主管部门/n_new/10.03#违法违规行为/n_new/9.86#评标/n_new/9.81#管理办法/n_new/9.73#第三方/n_new/9.60#房地产开发企业/n_new/9.59#建筑材料/n_new/9.09#配租/n_new/8.93#
钢结构/n_new/8.05#主桁架/n_new/8.05#厚板焊接/n_new/7.91#桁架柱/n_new/6.94#安装精度/n_new/5.82#铸钢件/n_new/4.99#冬雨季施工/n_new/4.99#北京市建筑/n_new/4.68#国家体育场/n_new/4.42#建设工程/n_new/3.34#存在多/n_new/3.34#形成整体/n_new/3.34#温度变化/n_new/3.33#杆件/n_new/3.33#体育建筑/n_new/3.33#结构复杂/n_new/3.33#工期紧/n_new/3.33#空间马鞍/n_new/3.33#吊耳/n_new/3.33#土建施工/n_new/3.33#
保障性住房/n_new/17.54#公共租赁住房/n_new/16.36#注册执业人员/n_new/15.45#质量安全事故/n_new/15.04#住房城乡建设/n_new/14.37#建筑市场/n_new/13.91#质量安全/n_new/12.65#安全生产/n_new/12.40#绿色建筑/n_new/12.25#施工现场/n_new/11.01#房屋登记/n_new/10.71#建筑节能/n_new/10.31#建设主管部门/n_new/10.03#违法违规行为/n_new/9.86#评标/n_new/9.81#管理办法/n_new/9.73#第三方/n_new/9.60#房地产开发企业/n_new/9.59#建筑材料/n_new/9.09#配租/n_new/8.93#
保障性住房/n_new/17.54#公共租赁住房/n_new/16.36#注册执业人员/n_new/15.45#质量安全事故/n_new/15.04#住房城乡建设/n_new/14.37#建筑市场/n_new/13.91#质量安全/n_new/12.65#安全生产/n_new/12.40#绿色建筑/n_new/12.25#施工现场/n_new/11.01#房屋登记/n_new/10.71#建筑节能/n_new/10.31#建设主管部门/n_new/10.03#违法违规行为/n_new/9.86#评标/n_new/9.81#管理办法/n_new/9.73#第三方/n_new/9.60#房地产开发企业/n_new/9.59#建筑材料/n_new/9.09#配租/n_new/8.93#
钢结构/n_new/8.05#主桁架/n_new/8.05#厚板焊接/n_new/7.91#桁架柱/n_new/6.94#安装精度/n_new/5.82#铸钢件/n_new/4.99#冬雨季施工/n_new/4.99#北京市建筑/n_new/4.68#国家体育场/n_new/4.42#建设工程/n_new/3.34#存在多/n_new/3.34#形成整体/n_new/3.34#温度变化/n_new/3.33#杆件/n_new/3.33#体育建筑/n_new/3.33#结构复杂/n_new/3.33#工期紧/n_new/3.33#空间马鞍/n_new/3.33#吊耳/n_new/3.33#土建施工/n_new/3.33#
保障性住房/n_new/17.54#公共租赁住房/n_new/16.36#注册执业人员/n_new/15.45#质量安全事故/n_new/15.04#住房城乡建设/n_new/14.37#建筑市场/n_new/13.91#质量安全/n_new/12.65#安全生产/n_new/12.40#绿色建筑/n_new/12.25#施工现场/n_new/11.01#房屋登记/n_new/10.71#建筑节能/n_new/10.31#建设主管部门/n_new/10.03#违法违规行为/n_new/9.86#评标/n_new/9.81#管理办法/n_new/9.73#第三方/n_new/9.60#房地产开发企业/n_new/9.59#建筑材料/n_new/9.09#配租/n_new/8.93#
保障性住房/n_new/17.54#公共租赁住房/n_new/16.36#注册执业人员/n_new/15.45#质量安全事故/n_new/15.04#住房城乡建设/n_new/14.37#建筑市场/n_new/13.91#质量安全/n_new/12.65#安全生产/n_new/12.40#绿色建筑/n_new/12.25#施工现场/n_new/11.01#房屋登记/n_new/10.71#建筑节能/n_new/10.31#建设主管部门/n_new/10.03#违法违规行为/n_new/9.86#评标/n_new/9.81#管理办法/n_new/9.73#第三方/n_new/9.60#房地产开发企业/n_new/9.59#建筑材料/n_new/9.09#配租/n_new/8.93#
保障性住房/n_new/17.54#公共租赁住房/n_new/16.36#注册执业人员/n_new/15.45#质量安全事故/n_new/15.04#住房城乡建设/n_new/14.37#建筑市场/n_new/13.91#质量安全/n_new/12.65#安全生产/n_new/12.40#绿色建筑/n_new/12.25#施工现场/n_new/11.01#房屋登记/n_new/10.71#建筑节能/n_new/10.31#建设主管部门/n_new/10.03#违法违规行为/n_new/9.86#评标/n_new/9.81#管理办法/n_new/9.73#第三方/n_new/9.60#房地产开发企业/n_new/9.59#建筑材料/n_new/9.09#配租/n_new/8.93#
保障性住房/n_new/17.54#公共租赁住房/n_new/16.36#注册执业人员/n_new/15.45#质量安全事故/n_new/15.04#住房城乡建设/n_new/14.37#建筑市场/n_new/13.91#质量安全/n_new/12.65#安全生产/n_new/12.40#绿色建筑/n_new/12.25#施工现场/n_new/11.01#房屋登记/n_new/10.71#建筑节能/n_new/10.31#建设主管部门/n_new/10.03#违法违规行为/n_new/9.86#评标/n_new/9.81#管理办法/n_new/9.73#第三方/n_new/9.60#房地产开发企业/n_new/9.59#建筑材料/n_new/9.09#配租/n_new/8.93#
保障性住房/n_new/17.54#公共租赁住房/n_new/16.36#注册执业人员/n_new/15.45#质量安全事故/n_new/15.04#住房城乡建设/n_new/14.37#建筑市场/n_new/13.91#质量安全/n_new/12.65#安全生产/n_new/12.40#绿色建筑/n_new/12.25#施工现场/n_new/11.01#房屋登记/n_new/10.71#建筑节能/n_new/10.31#建设主管部门/n_new/10.03#违法违规行为/n_new/9.86#评标/n_new/9.81#管理办法/n_new/9.73#第三方/n_new/9.60#房地产开发企业/n_new/9.59#建筑材料/n_new/9.09#配租/n_new/8.93#
钢结构/n_new/8.05#主桁架/n_new/8.05#厚板焊接/n_new/7.91#桁架柱/n_new/6.94#安装精度/n_new/5.82#铸钢件/n_new/4.99#冬雨季施工/n_new/4.99#北京市建筑/n_new/4.68#国家体育场/n_new/4.42#建设工程/n_new/3.34#存在多/n_new/3.34#形成整体/n_new/3.34#温度变化/n_new/3.33#杆件/n_new/3.33#体育建筑/n_new/3.33#结构复杂/n_new/3.33#工期紧/n_new/3.33#空间马鞍/n_new/3.33#吊耳/n_new/3.33#土建施工/n_new/3.33#
保障性住房/n_new/17.54#公共租赁住房/n_new/16.36#注册执业人员/n_new/15.45#质量安全事故/n_new/15.04#住房城乡建设/n_new/14.37#建筑市场/n_new/13.91#质量安全/n_new/12.65#安全生产/n_new/12.40#绿色建筑/n_new/12.25#施工现场/n_new/11.01#房屋登记/n_new/10.71#建筑节能/n_new/10.31#建设主管部门/n_new/10.03#违法违规行为/n_new/9.86#评标/n_new/9.81#管理办法/n_new/9.73#第三方/n_new/9.60#房地产开发企业/n_new/9.59#建筑材料/n_new/9.09#配租/n_new/8.93#
保障性住房/n_new/16.86#公共租赁住房/n_new/16.36#注册执业人员/n_new/15.91#住房城乡建设/n_new/14.62#质量安全事故/n_new/14.16#建筑市场/n_new/13.71#管理办法/n_new/13.18#质量安全/n_new/12.86#年月日/n_new/12.75#安全生产/n_new/12.40#年月日中华人民共和国/n_new/12.15#违法违规行为/n_new/12.03#绿色建筑/n_new/11.51#施工现场/n_new/11.01#国务院年月日/n_new/10.98#房屋登记/n_new/10.71#年月日修订/n_new/10.64#管理规定建设部/n_new/10.52#建筑节能/n_new/10.31#评标/n_new/10.18#
物业服务企业/n_new/19.93#保障性住房/n_new/19.07#公共租赁住房/n_new/19.02#房地产开发企业/n_new/16.98#住房城乡建设/n_new/13.44#征求意见稿/n_new/12.90#简易住宅楼改造/n_new/12.59#责令限期改正/n_new/12.54#绿色建筑/n_new/12.11#评标办法/n_new/11.59#住房城乡建设部/n_new/11.59#物业服务/n_new/11.22#超过万元/n_new/10.76#建筑节能/n_new/10.71#种标准户型/n_new/10.56#房屋登记/n_new/10.39#领取施工许可证/n_new/10.09#标准户型/n_new/10.07#物业管理条例/n_new/10.00#信用评价办法/n_new/9.98#
物业服务企业/n_new/19.93#保障性住房/n_new/19.07#公共租赁住房/n_new/19.02#房地产开发企业/n_new/16.98#住房城乡建设/n_new/13.44#征求意见稿/n_new/12.90#简易住宅楼改造/n_new/12.59#责令限期改正/n_new/12.54#绿色建筑/n_new/12.11#评标办法/n_new/11.59#住房城乡建设部/n_new/11.59#物业服务/n_new/11.22#超过万元/n_new/10.76#建筑节能/n_new/10.71#种标准户型/n_new/10.56#房屋登记/n_new/10.39#领取施工许可证/n_new/10.09#标准户型/n_new/10.07#物业管理条例/n_new/10.00#信用评价办法/n_new/9.98#
公共租赁住房/n_new/22.13#房地产经纪机构/n_new/18.83#物业服务企业/n_new/18.03#保障性住房/n_new/17.95#视频监控系统/n_new/17.61#房地产开发企业/n_new/16.80#房源核验/n_new/16.23#经济适用住房/n_new/15.27#施工现场/n_new/14.71#专项维修资金/n_new/14.70#存量房交易/n_new/13.81#应急维修/n_new/12.97#廉租住房/n_new/12.87#承租家庭/n_new/12.58#轮候家庭/n_new/12.48#公租房/n_new/12.16#业主委员会/n_new/12.09#违法违规行为/n_new/12.08#权证加密/n_new/12.07#行政主管部门/n_new/11.94#
公共租赁住房/n_new/22.13#房地产经纪机构/n_new/18.83#物业服务企业/n_new/18.03#保障性住房/n_new/17.95#视频监控系统/n_new/17.61#房地产开发企业/n_new/16.80#房源核验/n_new/16.23#经济适用住房/n_new/15.27#施工现场/n_new/14.71#专项维修资金/n_new/14.70#存量房交易/n_new/13.81#应急维修/n_new/12.97#廉租住房/n_new/12.87#承租家庭/n_new/12.58#轮候家庭/n_new/12.48#公租房/n_new/12.16#业主委员会/n_new/12.09#违法违规行为/n_new/12.08#权证加密/n_new/12.07#行政主管部门/n_new/11.94#
公共租赁住房/n_new/24.23#廉租住房/n_new/19.82#预拌混凝土/n_new/19.41#轮候家庭/n_new/19.41#违法违规行为/n_new/18.26#选房/n_new/17.61#保障性住房/n_new/16.51#预制混凝土构件/n_new/15.76#金隅汇景苑/n_new/15.54#配租/n_new/15.38#专用存款账户/n_new/14.25#公示/n_new/14.17#城乡建设委/n_new/13.87#行政主管部门/n_new/13.58#施工现场/n_new/13.58#限价商品住房/n_new/13.33#简易住宅楼改造/n_new/13.30#承租家庭/n_new/13.19#违法群租/n_new/13.10#住宅产业化/n_new/12.91#
公共租赁住房/n_new/22.13#房地产经纪机构/n_new/18.83#物业服务企业/n_new/18.03#保障性住房/n_new/17.95#视频监控系统/n_new/17.61#房地产开发企业/n_new/16.80#房源核验/n_new/16.23#经济适用住房/n_new/15.27#施工现场/n_new/14.71#专项维修资金/n_new/14.70#存量房交易/n_new/13.81#应急维修/n_new/12.97#廉租住房/n_new/12.87#承租家庭/n_new/12.58#轮候家庭/n_new/12.48#公租房/n_new/12.16#业主委员会/n_new/12.09#违法违规行为/n_new/12.08#权证加密/n_new/12.07#行政主管部门/n_new/11.94#
公共租赁住房/n_new/24.23#廉租住房/n_new/19.82#预拌混凝土/n_new/19.41#轮候家庭/n_new/19.41#违法违规行为/n_new/18.26#选房/n_new/17.61#保障性住房/n_new/16.51#预制混凝土构件/n_new/15.76#金隅汇景苑/n_new/15.54#配租/n_new/15.38#专用存款账户/n_new/14.25#公示/n_new/14.17#城乡建设委/n_new/13.87#行政主管部门/n_new/13.58#施工现场/n_new/13.58#限价商品住房/n_new/13.33#简易住宅楼改造/n_new/13.30#承租家庭/n_new/13.19#违法群租/n_new/13.10#住宅产业化/n_new/12.91#
公共租赁住房#房地产经纪机构#物业服务企业#保障性住房#视频监控系统#房地产开发企业#房源核验#经济适用住房#施工现场#专项维修资金#存量房交易#应急维修#廉租住房#承租家庭#轮候家庭#公租房#业主委员会#违法违规行为#权证加密#行政主管部门#
公共租赁住房#廉租住房#预拌混凝土#轮候家庭#违法违规行为#选房#保障性住房#预制混凝土构件#金隅汇景苑#配租#专用存款账户#公示#城乡建设委#行政主管部门#施工现场#限价商品住房#简易住宅楼改造#承租家庭#违法群租#住宅产业化#
公共租赁住房#房地产经纪机构#物业服务企业#保障性住房#视频监控系统#房地产开发企业#房源核验#经济适用住房#施工现场#专项维修资金#存量房交易#应急维修#廉租住房#承租家庭#轮候家庭#公租房#业主委员会#违法违规行为#权证加密#行政主管部门#
公共租赁住房#廉租住房#预拌混凝土#轮候家庭#违法违规行为#选房#保障性住房#预制混凝土构件#金隅汇景苑#配租#专用存款账户#公示#城乡建设委#行政主管部门#施工现场#限价商品住房#简易住宅楼改造#承租家庭#违法群租#住宅产业化#
公共租赁住房#房地产经纪机构#物业服务企业#保障性住房#视频监控系统#房地产开发企业#房源核验#经济适用住房#施工现场#专项维修资金#存量房交易#应急维修#廉租住房#承租家庭#轮候家庭#公租房#业主委员会#违法违规行为#权证加密#行政主管部门#
公共租赁住房#廉租住房#预拌混凝土#轮候家庭#违法违规行为#选房#保障性住房#预制混凝土构件#金隅汇景苑#配租#专用存款账户#公示#城乡建设委#行政主管部门#施工现场#限价商品住房#简易住宅楼改造#承租家庭#违法群租#住宅产业化#
公共租赁住房/n_new/22.13#房地产经纪机构/n_new/18.83#物业服务企业/n_new/18.03#保障性住房/n_new/17.95#视频监控系统/n_new/17.61#房地产开发企业/n_new/16.80#房源核验/n_new/16.23#经济适用住房/n_new/15.27#施工现场/n_new/14.71#专项维修资金/n_new/14.70#存量房交易/n_new/13.81#应急维修/n_new/12.97#廉租住房/n_new/12.87#承租家庭/n_new/12.58#轮候家庭/n_new/12.48#公租房/n_new/12.16#业主委员会/n_new/12.09#违法违规行为/n_new/12.08#权证加密/n_new/12.07#行政主管部门/n_new/11.94#
公共租赁住房/n_new/24.23#廉租住房/n_new/19.82#预拌混凝土/n_new/19.41#轮候家庭/n_new/19.41#违法违规行为/n_new/18.26#选房/n_new/17.61#保障性住房/n_new/16.51#预制混凝土构件/n_new/15.76#金隅汇景苑/n_new/15.54#配租/n_new/15.38#专用存款账户/n_new/14.25#公示/n_new/14.17#城乡建设委/n_new/13.87#行政主管部门/n_new/13.58#施工现场/n_new/13.58#限价商品住房/n_new/13.33#简易住宅楼改造/n_new/13.30#承租家庭/n_new/13.19#违法群租/n_new/13.10#住宅产业化/n_new/12.91#
公共租赁住房/n_new/22.13#房地产经纪机构/n_new/18.83#物业服务企业/n_new/18.03#保障性住房/n_new/17.95#视频监控系统/n_new/17.61#房地产开发企业/n_new/16.80#房源核验/n_new/16.23#经济适用住房/n_new/15.27#施工现场/n_new/14.71#专项维修资金/n_new/14.70#存量房交易/n_new/13.81#应急维修/n_new/12.97#廉租住房/n_new/12.87#承租家庭/n_new/12.58#轮候家庭/n_new/12.48#公租房/n_new/12.16#业主委员会/n_new/12.09#违法违规行为/n_new/12.08#权证加密/n_new/12.07#行政主管部门/n_new/11.94#
公共租赁住房/n_new/24.23#廉租住房/n_new/19.82#预拌混凝土/n_new/19.41#轮候家庭/n_new/19.41#违法违规行为/n_new/18.26#选房/n_new/17.61#保障性住房/n_new/16.51#预制混凝土构件/n_new/15.76#金隅汇景苑/n_new/15.54#配租/n_new/15.38#专用存款账户/n_new/14.25#公示/n_new/14.17#城乡建设委/n_new/13.87#行政主管部门/n_new/13.58#施工现场/n_new/13.58#限价商品住房/n_new/13.33#简易住宅楼改造/n_new/13.30#承租家庭/n_new/13.19#违法群租/n_new/13.10#住宅产业化/n_new/12.91#
主桁架/n_new/8.05#厚板焊接/n_new/7.91#桁架柱/n_new/7.49#国家体育场/n_new/7.08#钢结构/n_new/7.06#安装精度/n_new/6.65#国家体育场工程/n_new/5.01#铸钢件/n_new/4.99#北京市建筑/n_new/4.68#体育场工程/n_new/4.17#建设工程/n_new/3.34#存在多/n_new/3.34#形成整体/n_new/3.34#温度变化/n_new/3.33#杆件/n_new/3.33#体育建筑/n_new/3.33#结构复杂/n_new/3.33#工期紧/n_new/3.33#空间马鞍/n_new/3.33#吊耳/n_new/3.33#
保障性住房/n_new/16.86#公共租赁住房/n_new/16.36#注册执业人员/n_new/15.91#住房城乡建设/n_new/14.62#质量安全事故/n_new/14.16#建筑市场/n_new/13.71#管理办法/n_new/13.18#质量安全/n_new/12.86#年月日/n_new/12.75#安全生产/n_new/12.40#年月日中华人民共和国/n_new/12.15#违法违规行为/n_new/12.03#绿色建筑/n_new/11.51#施工现场/n_new/11.01#国务院年月日/n_new/10.98#房屋登记/n_new/10.71#年月日修订/n_new/10.64#管理规定建设部/n_new/10.52#建筑节能/n_new/10.31#评标/n_new/10.18#
保障性住房/n_new/16.86#公共租赁住房/n_new/16.36#注册执业人员/n_new/15.91#住房城乡建设/n_new/14.62#质量安全事故/n_new/14.16#建筑市场/n_new/13.71#管理办法/n_new/13.18#质量安全/n_new/12.86#年月日/n_new/12.75#安全生产/n_new/12.40#年月日中华人民共和国/n_new/12.15#违法违规行为/n_new/12.03#绿色建筑/n_new/11.51#施工现场/n_new/11.01#国务院年月日/n_new/10.98#房屋登记/n_new/10.71#年月日修订/n_new/10.64#管理规定建设部/n_new/10.52#建筑节能/n_new/10.31#评标/n_new/10.18#
物业服务企业/n_new/19.93#保障性住房/n_new/19.07#公共租赁住房/n_new/19.02#房地产开发企业/n_new/16.98#住房城乡建设/n_new/13.44#征求意见稿/n_new/12.90#简易住宅楼改造/n_new/12.59#责令限期改正/n_new/12.54#绿色建筑/n_new/12.11#评标办法/n_new/11.59#住房城乡建设部/n_new/11.59#物业服务/n_new/11.22#超过万元/n_new/10.76#建筑节能/n_new/10.71#种标准户型/n_new/10.56#房屋登记/n_new/10.39#领取施工许可证/n_new/10.09#标准户型/n_new/10.07#物业管理条例/n_new/10.00#信用评价办法/n_new/9.98#
物业服务企业/n_new/19.93#保障性住房/n_new/19.07#公共租赁住房/n_new/19.02#房地产开发企业/n_new/16.98#住房城乡建设/n_new/13.44#征求意见稿/n_new/12.90#简易住宅楼改造/n_new/12.59#责令限期改正/n_new/12.54#绿色建筑/n_new/12.11#评标办法/n_new/11.59#住房城乡建设部/n_new/11.59#物业服务/n_new/11.22#超过万元/n_new/10.76#建筑节能/n_new/10.71#种标准户型/n_new/10.56#房屋登记/n_new/10.39#领取施工许可证/n_new/10.09#标准户型/n_new/10.07#物业管理条例/n_new/10.00#信用评价办法/n_new/9.98#
公共租赁住房/n_new/22.13#房地产经纪机构/n_new/18.83#物业服务企业/n_new/18.03#保障性住房/n_new/17.95#视频监控系统/n_new/17.61#房地产开发企业/n_new/16.80#房源核验/n_new/16.23#经济适用住房/n_new/15.27#施工现场/n_new/14.71#专项维修资金/n_new/14.70#存量房交易/n_new/13.81#应急维修/n_new/12.97#廉租住房/n_new/12.87#承租家庭/n_new/12.58#轮候家庭/n_new/12.48#公租房/n_new/12.16#业主委员会/n_new/12.09#违法违规行为/n_new/12.08#权证加密/n_new/12.07#行政主管部门/n_new/11.94#
公共租赁住房/n_new/22.13#房地产经纪机构/n_new/18.83#物业服务企业/n_new/18.03#保障性住房/n_new/17.95#视频监控系统/n_new/17.61#房地产开发企业/n_new/16.80#房源核验/n_new/16.23#经济适用住房/n_new/15.27#施工现场/n_new/14.71#专项维修资金/n_new/14.70#存量房交易/n_new/13.81#应急维修/n_new/12.97#廉租住房/n_new/12.87#承租家庭/n_new/12.58#轮候家庭/n_new/12.48#公租房/n_new/12.16#业主委员会/n_new/12.09#违法违规行为/n_new/12.08#权证加密/n_new/12.07#行政主管部门/n_new/11.94#
公共租赁住房/n_new/24.23#廉租住房/n_new/19.82#预拌混凝土/n_new/19.41#轮候家庭/n_new/19.41#违法违规行为/n_new/18.26#选房/n_new/17.61#保障性住房/n_new/16.51#预制混凝土构件/n_new/15.76#金隅汇景苑/n_new/15.54#配租/n_new/15.38#专用存款账户/n_new/14.25#公示/n_new/14.17#城乡建设委/n_new/13.87#行政主管部门/n_new/13.58#施工现场/n_new/13.58#限价商品住房/n_new/13.33#简易住宅楼改造/n_new/13.30#承租家庭/n_new/13.19#违法群租/n_new/13.10#住宅产业化/n_new/12.91#
物业服务企业/n_new/19.93#保障性住房/n_new/19.07#公共租赁住房/n_new/19.02#房地产开发企业/n_new/16.98#住房城乡建设/n_new/13.44#征求意见稿/n_new/12.90#简易住宅楼改造/n_new/12.59#责令限期改正/n_new/12.54#绿色建筑/n_new/12.11#评标办法/n_new/11.59#住房城乡建设部/n_new/11.59#物业服务/n_new/11.22#超过万元/n_new/10.76#建筑节能/n_new/10.71#种标准户型/n_new/10.56#房屋登记/n_new/10.39#领取施工许可证/n_new/10.09#标准户型/n_new/10.07#物业管理条例/n_new/10.00#信用评价办法/n_new/9.98#
公共租赁住房/n_new/22.13#房地产经纪机构/n_new/18.83#物业服务企业/n_new/18.03#保障性住房/n_new/17.95#视频监控系统/n_new/17.61#房地产开发企业/n_new/16.80#房源核验/n_new/16.23#经济适用住房/n_new/15.27#施工现场/n_new/14.71#专项维修资金/n_new/14.70#存量房交易/n_new/13.81#应急维修/n_new/12.97#廉租住房/n_new/12.87#承租家庭/n_new/12.58#轮候家庭/n_new/12.48#公租房/n_new/12.16#业主委员会/n_new/12.09#违法违规行为/n_new/12.08#权证加密/n_new/12.07#行政主管部门/n_new/11.94#
物业服务企业#保障性住房#公共租赁住房#房地产开发企业#住房城乡建设#征求意见稿#简易住宅楼改造#责令限期改正#绿色建筑#评标办法#住房城乡建设部#物业服务#超过万元#建筑节能#种标准户型#房屋登记#领取施工许可证#标准户型#物业管理条例#信用评价办法#
公共租赁住房#房地产经纪机构#物业服务企业#保障性住房#视频监控系统#房地产开发企业#房源核验#经济适用住房#施工现场#专项维修资金#存量房交易#应急维修#廉租住房#承租家庭#轮候家庭#公租房#业主委员会#违法违规行为#权证加密#行政主管部门#
物业服务企业#保障性住房#公共租赁住房#房地产开发企业#住房城乡建设#征求意见稿#简易住宅楼改造#责令限期改正#绿色建筑#评标办法#住房城乡建设部#物业服务#超过万元#建筑节能#种标准户型#房屋登记#领取施工许可证#标准户型#物业管理条例#信用评价办法#
公共租赁住房#房地产经纪机构#物业服务企业#保障性住房#视频监控系统#房地产开发企业#房源核验#经济适用住房#施工现场#专项维修资金#存量房交易#应急维修#廉租住房#承租家庭#轮候家庭#公租房#业主委员会#违法违规行为#权证加密#行政主管部门#
物业服务企业/n_new/19.93#保障性住房/n_new/19.07#公共租赁住房/n_new/19.02#房地产开发企业/n_new/16.98#住房城乡建设/n_new/13.44#征求意见稿/n_new/12.90#简易住宅楼改造/n_new/12.59#责令限期改正/n_new/12.54#绿色建筑/n_new/12.11#评标办法/n_new/11.59#住房城乡建设部/n_new/11.59#物业服务/n_new/11.22#超过万元/n_new/10.76#建筑节能/n_new/10.71#种标准户型/n_new/10.56#房屋登记/n_new/10.39#领取施工许可证/n_new/10.09#标准户型/n_new/10.07#物业管理条例/n_new/10.00#信用评价办法/n_new/9.98#
公共租赁住房/n_new/22.13#房地产经纪机构/n_new/18.83#物业服务企业/n_new/18.03#保障性住房/n_new/17.95#视频监控系统/n_new/17.61#房地产开发企业/n_new/16.80#房源核验/n_new/16.23#经济适用住房/n_new/15.27#施工现场/n_new/14.71#专项维修资金/n_new/14.70#存量房交易/n_new/13.81#应急维修/n_new/12.97#廉租住房/n_new/12.87#承租家庭/n_new/12.58#轮候家庭/n_new/12.48#公租房/n_new/12.16#业主委员会/n_new/12.09#违法违规行为/n_new/12.08#权证加密/n_new/12.07#行政主管部门/n_new/11.94#
主桁架/n_new/8.05#厚板焊接/n_new/7.91#桁架柱/n_new/7.49#国家体育场/n_new/7.08#钢结构/n_new/7.06#安装精度/n_new/6.65#国家体育场工程/n_new/5.01#铸钢件/n_new/4.99#北京市建筑/n_new/4.68#体育场工程/n_new/4.17#建设工程/n_new/3.34#存在多/n_new/3.34#形成整体/n_new/3.34#温度变化/n_new/3.33#杆件/n_new/3.33#体育建筑/n_new/3.33#结构复杂/n_new/3.33#工期紧/n_new/3.33#空间马鞍/n_new/3.33#吊耳/n_new/3.33#
保障性住房/n_new/16.86#公共租赁住房/n_new/16.36#注册执业人员/n_new/15.91#住房城乡建设/n_new/14.62#质量安全事故/n_new/14.16#建筑市场/n_new/13.71#管理办法/n_new/13.18#质量安全/n_new/12.86#年月日/n_new/12.75#安全生产/n_new/12.40#年月日中华人民共和国/n_new/12.15#违法违规行为/n_new/12.03#绿色建筑/n_new/11.51#施工现场/n_new/11.01#国务院年月日/n_new/10.98#房屋登记/n_new/10.71#年月日修订/n_new/10.64#管理规定建设部/n_new/10.52#建筑节能/n_new/10.31#评标/n_new/10.18#
保障性住房/n_new/16.86#公共租赁住房/n_new/16.36#注册执业人员/n_new/15.91#住房城乡建设/n_new/14.62#质量安全事故/n_new/14.16#建筑市场/n_new/13.71#管理办法/n_new/13.18#质量安全/n_new/12.86#年月日/n_new/12.75#安全生产/n_new/12.40#年月日中华人民共和国/n_new/12.15#违法违规行为/n_new/12.03#绿色建筑/n_new/11.51#施工现场/n_new/11.01#国务院年月日/n_new/10.98#房屋登记/n_new/10.71#年月日修订/n_new/10.64#管理规定建设部/n_new/10.52#建筑节能/n_new/10.31#评标/n_new/10.18#
物业服务企业/n_new/19.93#保障性住房/n_new/19.07#公共租赁住房/n_new/19.02#房地产开发企业/n_new/16.98#住房城乡建设/n_new/13.44#征求意见稿/n_new/12.90#简易住宅楼改造/n_new/12.59#责令限期改正/n_new/12.54#绿色建筑/n_new/12.11#评标办法/n_new/11.59#住房城乡建设部/n_new/11.59#物业服务/n_new/11.22#超过万元/n_new/10.76#建筑节能/n_new/10.71#种标准户型/n_new/10.56#房屋登记/n_new/10.39#领取施工许可证/n_new/10.09#标准户型/n_new/10.07#物业管理条例/n_new/10.00#信用评价办法/n_new/9.98#
公共租赁住房/n_new/22.13#房地产经纪机构/n_new/18.83#物业服务企业/n_new/18.03#保障性住房/n_new/17.95#视频监控系统/n_new/17.61#房地产开发企业/n_new/16.80#房源核验/n_new/16.23#经济适用住房/n_new/15.27#施工现场/n_new/14.71#专项维修资金/n_new/14.70#存量房交易/n_new/13.81#应急维修/n_new/12.97#廉租住房/n_new/12.87#承租家庭/n_new/12.58#轮候家庭/n_new/12.48#公租房/n_new/12.16#业主委员会/n_new/12.09#违法违规行为/n_new/12.08#权证加密/n_new/12.07#行政主管部门/n_new/11.94#
公共租赁住房/n_new/24.23#廉租住房/n_new/19.82#预拌混凝土/n_new/19.41#轮候家庭/n_new/19.41#违法违规行为/n_new/18.26#选房/n_new/17.61#保障性住房/n_new/16.51#预制混凝土构件/n_new/15.76#金隅汇景苑/n_new/15.54#配租/n_new/15.38#专用存款账户/n_new/14.25#公示/n_new/14.17#城乡建设委/n_new/13.87#行政主管部门/n_new/13.58#施工现场/n_new/13.58#限价商品住房/n_new/13.33#简易住宅楼改造/n_new/13.30#承租家庭/n_new/13.19#违法群租/n_new/13.10#住宅产业化/n_new/12.91#
公共租赁住房/n_new/22.13#房地产经纪机构/n_new/18.83#物业服务企业/n_new/18.03#保障性住房/n_new/17.95#视频监控系统/n_new/17.61#房地产开发企业/n_new/16.80#房源核验/n_new/16.23#经济适用住房/n_new/15.27#施工现场/n_new/14.71#专项维修资金/n_new/14.70#存量房交易/n_new/13.81#应急维修/n_new/12.97#廉租住房/n_new/12.87#承租家庭/n_new/12.58#轮候家庭/n_new/12.48#公租房/n_new/12.16#业主委员会/n_new/12.09#违法违规行为/n_new/12.08#权证加密/n_new/12.07#行政主管部门/n_new/11.94#
公共租赁住房/n_new/24.23#廉租住房/n_new/19.82#预拌混凝土/n_new/19.41#轮候家庭/n_new/19.41#违法违规行为/n_new/18.26#选房/n_new/17.61#保障性住房/n_new/16.51#预制混凝土构件/n_new/15.76#金隅汇景苑/n_new/15.54#配租/n_new/15.38#专用存款账户/n_new/14.25#公示/n_new/14.17#城乡建设委/n_new/13.87#行政主管部门/n_new/13.58#施工现场/n_new/13.58#限价商品住房/n_new/13.33#简易住宅楼改造/n_new/13.30#承租家庭/n_new/13.19#违法群租/n_new/13.10#住宅产业化/n_new/12.91#
公共租赁住房/n_new/22.13#房地产经纪机构/n_new/18.83#物业服务企业/n_new/18.03#保障性住房/n_new/17.95#视频监控系统/n_new/17.61#房地产开发企业/n_new/16.80#房源核验/n_new/16.23#经济适用住房/n_new/15.27#施工现场/n_new/14.71#专项维修资金/n_new/14.70#存量房交易/n_new/13.81#应急维修/n_new/12.97#廉租住房/n_new/12.87#承租家庭/n_new/12.58#轮候家庭/n_new/12.48#公租房/n_new/12.16#业主委员会/n_new/12.09#违法违规行为/n_new/12.08#权证加密/n_new/12.07#行政主管部门/n_new/11.94#
公共租赁住房/n_new/24.23#廉租住房/n_new/19.82#预拌混凝土/n_new/19.41#轮候家庭/n_new/19.41#违法违规行为/n_new/18.26#选房/n_new/17.61#保障性住房/n_new/16.51#预制混凝土构件/n_new/15.76#金隅汇景苑/n_new/15.54#配租/n_new/15.38#专用存款账户/n_new/14.25#公示/n_new/14.17#城乡建设委/n_new/13.87#行政主管部门/n_new/13.58#施工现场/n_new/13.58#限价商品住房/n_new/13.33#简易住宅楼改造/n_new/13.30#承租家庭/n_new/13.19#违法群租/n_new/13.10#住宅产业化/n_new/12.91#
公共租赁住房/n_new/22.13#房地产经纪机构/n_new/18.83#物业服务企业/n_new/18.03#保障性住房/n_new/17.95#视频监控系统/n_new/17.61#房地产开发企业/n_new/16.80#房源核验/n_new/16.23#经济适用住房/n_new/15.27#施工现场/n_new/14.71#专项维修资金/n_new/14.70#存量房交易/n_new/13.81#应急维修/n_new/12.97#廉租住房/n_new/12.87#承租家庭/n_new/12.58#轮候家庭/n_new/12.48#公租房/n_new/12.16#业主委员会/n_new/12.09#违法违规行为/n_new/12.08#权证加密/n_new/12.07#行政主管部门/n_new/11.94#
公共租赁住房/n_new/24.23#廉租住房/n_new/19.82#预拌混凝土/n_new/19.41#轮候家庭/n_new/19.41#违法违规行为/n_new/18.26#选房/n_new/17.61#保障性住房/n_new/16.51#预制混凝土构件/n_new/15.76#金隅汇景苑/n_new/15.54#配租/n_new/15.38#专用存款账户/n_new/14.25#公示/n_new/14.17#城乡建设委/n_new/13.87#行政主管部门/n_new/13.58#施工现场/n_new/13.58#限价商品住房/n_new/13.33#简易住宅楼改造/n_new/13.30#承租家庭/n_new/13.19#违法群租/n_new/13.10#住宅产业化/n_new/12.91#
公共租赁住房/n_new/22.13#房地产经纪机构/n_new/18.83#物业服务企业/n_new/18.03#保障性住房/n_new/17.95#视频监控系统/n_new/17.61#房地产开发企业/n_new/16.80#房源核验/n_new/16.23#经济适用住房/n_new/15.27#施工现场/n_new/14.71#专项维修资金/n_new/14.70#存量房交易/n_new/13.81#应急维修/n_new/12.97#廉租住房/n_new/12.87#承租家庭/n_new/12.58#轮候家庭/n_new/12.48#公租房/n_new/12.16#业主委员会/n_new/12.09#违法违规行为/n_new/12.08#权证加密/n_new/12.07#行政主管部门/n_new/11.94#
公共租赁住房/n_new/24.23#廉租住房/n_new/19.82#预拌混凝土/n_new/19.41#轮候家庭/n_new/19.41#违法违规行为/n_new/18.26#选房/n_new/17.61#保障性住房/n_new/16.51#预制混凝土构件/n_new/15.76#金隅汇景苑/n_new/15.54#配租/n_new/15.38#专用存款账户/n_new/14.25#公示/n_new/14.17#城乡建设委/n_new/13.87#行政主管部门/n_new/13.58#施工现场/n_new/13.58#限价商品住房/n_new/13.33#简易住宅楼改造/n_new/13.30#承租家庭/n_new/13.19#违法群租/n_new/13.10#住宅产业化/n_new/12.91#
公共租赁住房/n_new/22.13#房地产经纪机构/n_new/18.83#物业服务企业/n_new/18.03#保障性住房/n_new/17.95#视频监控系统/n_new/17.61#房地产开发企业/n_new/16.80#房源核验/n_new/16.23#经济适用住房/n_new/15.27#施工现场/n_new/14.71#专项维修资金/n_new/14.70#存量房交易/n_new/13.81#应急维修/n_new/12.97#廉租住房/n_new/12.87#承租家庭/n_new/12.58#轮候家庭/n_new/12.48#公租房/n_new/12.16#业主委员会/n_new/12.09#违法违规行为/n_new/12.08#权证加密/n_new/12.07#行政主管部门/n_new/11.94#
公共租赁住房/n_new/24.23#廉租住房/n_new/19.82#预拌混凝土/n_new/19.41#轮候家庭/n_new/19.41#违法违规行为/n_new/18.26#选房/n_new/17.61#保障性住房/n_new/16.51#预制混凝土构件/n_new/15.76#金隅汇景苑/n_new/15.54#配租/n_new/15.38#专用存款账户/n_new/14.25#公示/n_new/14.17#城乡建设委/n_new/13.87#行政主管部门/n_new/13.58#施工现场/n_new/13.58#限价商品住房/n_new/13.33#简易住宅楼改造/n_new/13.30#承租家庭/n_new/13.19#违法群租/n_new/13.10#住宅产业化/n_new/12.91#
公共租赁住房/n_new/22.13#房地产经纪机构/n_new/18.83#物业服务企业/n_new/18.03#保障性住房/n_new/17.95#视频监控系统/n_new/17.61#房地产开发企业/n_new/16.80#房源核验/n_new/16.23#经济适用住房/n_new/15.27#施工现场/n_new/14.71#专项维修资金/n_new/14.70#存量房交易/n_new/13.81#应急维修/n_new/12.97#廉租住房/n_new/12.87#承租家庭/n_new/12.58#轮候家庭/n_new/12.48#公租房/n_new/12.16#业主委员会/n_new/12.09#违法违规行为/n_new/12.08#权证加密/n_new/12.07#行政主管部门/n_new/11.94#
公共租赁住房/n_new/22.13#房地产经纪机构/n_new/18.83#物业服务企业/n_new/18.03#保障性住房/n_new/17.95#视频监控系统/n_new/17.61#房地产开发企业/n_new/16.80#房源核验/n_new/16.23#经济适用住房/n_new/15.27#施工现场/n_new/14.71#专项维修资金/n_new/14.70#存量房交易/n_new/13.81#应急维修/n_new/12.97#廉租住房/n_new/12.87#承租家庭/n_new/12.58#轮候家庭/n_new/12.48#公租房/n_new/12.16#业主委员会/n_new/12.09#违法违规行为/n_new/12.08#权证加密/n_new/12.07#行政主管部门/n_new/11.94#
公共租赁住房/n_new/24.23#廉租住房/n_new/19.82#预拌混凝土/n_new/19.41#轮候家庭/n_new/19.41#违法违规行为/n_new/18.26#选房/n_new/17.61#保障性住房/n_new/16.51#预制混凝土构件/n_new/15.76#金隅汇景苑/n_new/15.54#配租/n_new/15.38#专用存款账户/n_new/14.25#公示/n_new/14.17#城乡建设委/n_new/13.87#行政主管部门/n_new/13.58#施工现场/n_new/13.58#限价商品住房/n_new/13.33#简易住宅楼改造/n_new/13.30#承租家庭/n_new/13.19#违法群租/n_new/13.10#住宅产业化/n_new/12.91#
公共租赁住房/n_new/22.13#房地产经纪机构/n_new/18.83#物业服务企业/n_new/18.03#保障性住房/n_new/17.95#视频监控系统/n_new/17.61#房地产开发企业/n_new/16.80#房源核验/n_new/16.23#经济适用住房/n_new/15.27#施工现场/n_new/14.71#专项维修资金/n_new/14.70#存量房交易/n_new/13.81#应急维修/n_new/12.97#廉租住房/n_new/12.87#承租家庭/n_new/12.58#轮候家庭/n_new/12.48#公租房/n_new/12.16#业主委员会/n_new/12.09#违法违规行为/n_new/12.08#权证加密/n_new/12.07#行政主管部门/n_new/11.94#
公共租赁住房/n_new/24.23#廉租住房/n_new/19.82#预拌混凝土/n_new/19.41#轮候家庭/n_new/19.41#违法违规行为/n_new/18.26#选房/n_new/17.61#保障性住房/n_new/16.51#预制混凝土构件/n_new/15.76#金隅汇景苑/n_new/15.54#配租/n_new/15.38#专用存款账户/n_new/14.25#公示/n_new/14.17#城乡建设委/n_new/13.87#行政主管部门/n_new/13.58#施工现场/n_new/13.58#限价商品住房/n_new/13.33#简易住宅楼改造/n_new/13.30#承租家庭/n_new/13.19#违法群租/n_new/13.10#住宅产业化/n_new/12.91#
公共租赁住房/n_new/22.13#房地产经纪机构/n_new/18.83#物业服务企业/n_new/18.03#保障性住房/n_new/17.95#视频监控系统/n_new/17.61#房地产开发企业/n_new/16.80#房源核验/n_new/16.23#经济适用住房/n_new/15.27#施工现场/n_new/14.71#专项维修资金/n_new/14.70#存量房交易/n_new/13.81#应急维修/n_new/12.97#廉租住房/n_new/12.87#承租家庭/n_new/12.58#轮候家庭/n_new/12.48#公租房/n_new/12.16#业主委员会/n_new/12.09#违法违规行为/n_new/12.08#权证加密/n_new/12.07#行政主管部门/n_new/11.94#
公共租赁住房/n_new/24.23#廉租住房/n_new/19.82#预拌混凝土/n_new/19.41#轮候家庭/n_new/19.41#违法违规行为/n_new/18.26#选房/n_new/17.61#保障性住房/n_new/16.51#预制混凝土构件/n_new/15.76#金隅汇景苑/n_new/15.54#配租/n_new/15.38#专用存款账户/n_new/14.25#公示/n_new/14.17#城乡建设委/n_new/13.87#行政主管部门/n_new/13.58#施工现场/n_new/13.58#限价商品住房/n_new/13.33#简易住宅楼改造/n_new/13.30#承租家庭/n_new/13.19#违法群租/n_new/13.10#住宅产业化/n_new/12.91#
公共租赁住房/n_new/22.13#房地产经纪机构/n_new/18.83#物业服务企业/n_new/18.03#保障性住房/n_new/17.95#视频监控系统/n_new/17.61#房地产开发企业/n_new/16.80#房源核验/n_new/16.23#经济适用住房/n_new/15.27#施工现场/n_new/14.71#专项维修资金/n_new/14.70#存量房交易/n_new/13.81#应急维修/n_new/12.97#廉租住房/n_new/12.87#承租家庭/n_new/12.58#轮候家庭/n_new/12.48#公租房/n_new/12.16#业主委员会/n_new/12.09#违法违规行为/n_new/12.08#权证加密/n_new/12.07#行政主管部门/n_new/11.94#
公共租赁住房/n_new/24.23#廉租住房/n_new/19.82#预拌混凝土/n_new/19.41#轮候家庭/n_new/19.41#违法违规行为/n_new/18.26#选房/n_new/17.61#保障性住房/n_new/16.51#预制混凝土构件/n_new/15.76#金隅汇景苑/n_new/15.54#配租/n_new/15.38#专用存款账户/n_new/14.25#公示/n_new/14.17#城乡建设委/n_new/13.87#行政主管部门/n_new/13.58#施工现场/n_new/13.58#限价商品住房/n_new/13.33#简易住宅楼改造/n_new/13.30#承租家庭/n_new/13.19#违法群租/n_new/13.10#住宅产业化/n_new/12.91#
公共租赁住房/n_new/22.13#房地产经纪机构/n_new/18.83#物业服务企业/n_new/18.03#保障性住房/n_new/17.95#视频监控系统/n_new/17.61#房地产开发企业/n_new/16.80#房源核验/n_new/16.23#经济适用住房/n_new/15.27#施工现场/n_new/14.71#专项维修资金/n_new/14.70#存量房交易/n_new/13.81#应急维修/n_new/12.97#廉租住房/n_new/12.87#承租家庭/n_new/12.58#轮候家庭/n_new/12.48#公租房/n_new/12.16#业主委员会/n_new/12.09#违法违规行为/n_new/12.08#权证加密/n_new/12.07#行政主管部门/n_new/11.94#
公共租赁住房/n_new/24.23#廉租住房/n_new/19.82#预拌混凝土/n_new/19.41#轮候家庭/n_new/19.41#违法违规行为/n_new/18.26#选房/n_new/17.61#保障性住房/n_new/16.51#预制混凝土构件/n_new/15.76#金隅汇景苑/n_new/15.54#配租/n_new/15.38#专用存款账户/n_new/14.25#公示/n_new/14.17#城乡建设委/n_new/13.87#行政主管部门/n_new/13.58#施工现场/n_new/13.58#限价商品住房/n_new/13.33#简易住宅楼改造/n_new/13.30#承租家庭/n_new/13.19#违法群租/n_new/13.10#住宅产业化/n_new/12.91#
公共租赁住房/n_new/27.98#保障性住房/n_new/24.24#物业服务企业/n_new/23.43#房地产开发企业/n_new/22.45#廉租住房/n_new/21.85#违法违规行为/n_new/21.46#房地产经纪机构/n_new/20.56#轮候家庭/n_new/20.48#预拌混凝土/n_new/20.18#视频监控系统/n_new/18.35#行政主管部门/n_new/18.14#选房/n_new/17.63#施工现场/n_new/16.73#经济适用住房/n_new/16.58#公示/n_new/15.98#限价商品住房/n_new/15.96#配租/n_new/15.87#配租配售/n_new/15.78#预制混凝土构件/n_new/15.76#承租家庭/n_new/15.63#管理办法/n_new/15.58#公租房/n_new/15.46#绿色建筑/n_new/15.42#简易住宅楼改造/n_new/15.35#专项维修资金/n_new/15.32#存量房交易/n_new/15.04#定向安置房/n_new/14.89#城乡建设委/n_new/14.80#住宅产业化/n_new/14.39#征求意见稿/n_new/14.27#保障性安居工程/n_new/13.99#评标/n_new/13.90#轨道交通/n_new/13.76#通知如下一/n_new/13.60#管理暂行办法/n_new/13.39#建筑节能/n_new/13.12#应急维修/n_new/12.97#资格预审文件/n_new/12.85#责令限期改正/n_new/12.79#产权单位/n_new/12.69#扬尘治理/n_new/12.52#物业服务/n_new/12.27#租金补贴/n_new/12.08#扬尘治理专项/n_new/12.07#项目负责人/n_new/12.06#群租/n_new/12.02#北京市总站/n_new/11.95#物业管理条例/n_new/11.83#后期管理/n_new/11.83#家庭成员/n_new/11.72#电力用户/n_new/11.70#业主大会/n_new/11.70#网上签约/n_new/11.63#房地产经纪/n_new/11.60#建设工程货物/n_new/11.60#物业管理区域/n_new/11.52#膜结构/n_new/11.36#维修资金/n_new/11.29#市场秩序/n_new/11.24#住房城乡建设/n_new/11.21#注浆/n_new/11.20#民用建筑节能/n_new/11.20#安全隐患/n_new/11.18#电耗限额管理/n_new/11.13#混凝土试件/n_new/11.09#城镇房屋安全/n_new/11.06#型商品住房/n_new/10.98#存量房/n_new/10.93#顶管/n_new/10.92#核验/n_new/10.88#商品住房/n_new/10.83#合同履约/n_new/10.82#建设委/n_new/10.68#简易住宅楼/n_new/10.50#市委市政府/n_new/10.43#输入登记密码/n_new/10.41#登记密码/n_new/10.37#资质证书/n_new/10.32#试块/n_new/10.29#房管局/n_new/10.27#城镇房屋/n_new/10.23#征收拆迁/n_new/10.17#公共租赁/n_new/10.12#保障性/n_new/10.06#钢结构/n_new/10.00#监理工程师/n_new/9.99#第三方/n_new/9.93#限购/n_new/9.93#联系电话/n_new/9.81#选房场地/n_new/9.67#廉租/n_new/9.62#灌浆套筒/n_new/9.55#建造师/n_new/9.50#示范文本/n_new/9.50#预拌/n_new/9.48#定向安置/n_new/9.44#房屋征收/n_new/9.42#经纪机构/n_new/9.40#文明施工/n_new/9.30#长效机制/n_new/9.30#建设收购/n_new/9.30#轮候/n_new/9.28#优先家庭/n_new/9.17#电耗限额/n_new/9.09#华混凝土有限公司/n_new/9.00#租赁住房/n_new/8.94#资格预审/n_new/8.90#抗震加固/n_new/8.86#普通地下室/n_new/8.83#试件/n_new/8.76#施工许可证/n_new/8.74#行业协会/n_new/8.73#参建单位/n_new/8.73#民生工程/n_new/8.70#吊顶石材/n_new/8.68#建筑垃圾/n_new/8.60#核定表/n_new/8.56#隐蔽验收/n_new/8.56#人口疏解/n_new/8.54#差别化监管/n_new/8.47#婚姻证明/n_new/8.44#购房手册/n_new/8.43#身份证件原件/n_new/8.43#如下一/n_new/8.39#作风建设/n_new/8.39#房屋所有权/n_new/8.39#执业人员/n_new/8.34#公共建筑电耗/n_new/8.33#意向登记/n_new/8.31#安全防护/n_new/8.29#灌浆套筒连接/n_new/8.21#项目位于/n_new/8.21#城乡建设事业/n_new/8.16#民用建筑/n_new/8.10#完成全年/n_new/8.08#售房单位/n_new/8.06#网签/n_new/8.05#围合/n_new/8.05#装饰装修/n_new/8.05#二手房/n_new/8.05#身份证明/n_new/7.96#运营管理/n_new/7.91#区县政府/n_new/7.91#夫妻双方/n_new/7.91#性住房/n_new/7.89#火灾防控/n_new/7.89#准入标准/n_new/7.88#视频监控/n_new/7.87#监督总站/n_new/7.85#特此通知/n_new/7.80#事业单位/n_new/7.75#频次/n_new/7.74#项目经理/n_new/7.73#动员部署/n_new/7.73#规范化管理/n_new/7.73#续租/n_new/7.73#掌控/n_new/7.73#化管理/n_new/7.68#住房困难/n_new/7.67#预算单位/n_new/7.60#政策性住房/n_new/7.59#单体建筑/n_new/7.49#年月份/n_new/7.49#顶管机头/n_new/7.49#优先家庭组/n_new/7.46#上市交易/n_new/7.44#出租出借/n_new/7.44#街道乡镇/n_new/7.40#温馨提示/n_new/7.40#经济技术开发区/n_new/7.35#廉政风险/n_new/7.35#墙体材料/n_new/7.28#选房咨询/n_new/7.27#加盖/n_new/7.17#征地拆迁/n_new/7.08#国家体育场/n_new/7.06#稳步推进/n_new/7.06#退房/n_new/7.06#城镇私房/n_new/7.06#灌浆料/n_new/7.06#膜材/n_new/7.06#群租综合治理/n_new/7.02#北京市人民政府办公厅/n_new/7.00#分割出租/n_new/6.96#挂件/n_new/6.94#签字确认/n_new/6.85#置业有限公司/n_new/6.78#精细化/n_new/6.76#装配式混凝土/n_new/6.75#右转/n_new/6.73#通知强调/n_new/6.66#开拓创新/n_new/6.66#挂装/n_new/6.66#转移登记/n_new/6.65#政策解读/n_new/6.65#工作大纲/n_new/6.65#接缝/n_new/6.65#程序性执法/n_new/6.65#房改房/n_new/6.65#工程除外/n_new/6.65#
公共租赁住房/n_new/27.98#保障性住房/n_new/24.24#物业服务企业/n_new/23.43#房地产开发企业/n_new/22.45#廉租住房/n_new/21.85#违法违规行为/n_new/21.46#房地产经纪机构/n_new/20.56#轮候家庭/n_new/20.48#预拌混凝土/n_new/20.18#视频监控系统/n_new/18.35#行政主管部门/n_new/18.14#选房/n_new/17.63#施工现场/n_new/16.73#经济适用住房/n_new/16.58#公示/n_new/15.98#限价商品住房/n_new/15.96#配租/n_new/15.87#配租配售/n_new/15.78#预制混凝土构件/n_new/15.76#承租家庭/n_new/15.63#管理办法/n_new/15.58#公租房/n_new/15.46#绿色建筑/n_new/15.42#简易住宅楼改造/n_new/15.35#专项维修资金/n_new/15.32#存量房交易/n_new/15.04#定向安置房/n_new/14.89#城乡建设委/n_new/14.80#住宅产业化/n_new/14.39#征求意见稿/n_new/14.27#保障性安居工程/n_new/13.99#评标/n_new/13.90#轨道交通/n_new/13.76#通知如下一/n_new/13.60#管理暂行办法/n_new/13.39#建筑节能/n_new/13.12#应急维修/n_new/12.97#资格预审文件/n_new/12.85#责令限期改正/n_new/12.79#产权单位/n_new/12.69#扬尘治理/n_new/12.52#物业服务/n_new/12.27#租金补贴/n_new/12.08#扬尘治理专项/n_new/12.07#项目负责人/n_new/12.06#群租/n_new/12.02#北京市总站/n_new/11.95#物业管理条例/n_new/11.83#后期管理/n_new/11.83#家庭成员/n_new/11.72#电力用户/n_new/11.70#业主大会/n_new/11.70#网上签约/n_new/11.63#房地产经纪/n_new/11.60#建设工程货物/n_new/11.60#物业管理区域/n_new/11.52#膜结构/n_new/11.36#维修资金/n_new/11.29#市场秩序/n_new/11.24#住房城乡建设/n_new/11.21#注浆/n_new/11.20#民用建筑节能/n_new/11.20#安全隐患/n_new/11.18#电耗限额管理/n_new/11.13#混凝土试件/n_new/11.09#城镇房屋安全/n_new/11.06#型商品住房/n_new/10.98#存量房/n_new/10.93#顶管/n_new/10.92#核验/n_new/10.88#商品住房/n_new/10.83#合同履约/n_new/10.82#建设委/n_new/10.68#简易住宅楼/n_new/10.50#市委市政府/n_new/10.43#输入登记密码/n_new/10.41#登记密码/n_new/10.37#资质证书/n_new/10.32#试块/n_new/10.29#房管局/n_new/10.27#城镇房屋/n_new/10.23#征收拆迁/n_new/10.17#公共租赁/n_new/10.12#保障性/n_new/10.06#钢结构/n_new/10.00#监理工程师/n_new/9.99#第三方/n_new/9.93#限购/n_new/9.93#联系电话/n_new/9.81#选房场地/n_new/9.67#廉租/n_new/9.62#灌浆套筒/n_new/9.55#建造师/n_new/9.50#示范文本/n_new/9.50#预拌/n_new/9.48#定向安置/n_new/9.44#房屋征收/n_new/9.42#经纪机构/n_new/9.40#文明施工/n_new/9.30#长效机制/n_new/9.30#建设收购/n_new/9.30#轮候/n_new/9.28#优先家庭/n_new/9.17#电耗限额/n_new/9.09#华混凝土有限公司/n_new/9.00#租赁住房/n_new/8.94#资格预审/n_new/8.90#抗震加固/n_new/8.86#普通地下室/n_new/8.83#试件/n_new/8.76#施工许可证/n_new/8.74#行业协会/n_new/8.73#参建单位/n_new/8.73#民生工程/n_new/8.70#吊顶石材/n_new/8.68#建筑垃圾/n_new/8.60#核定表/n_new/8.56#隐蔽验收/n_new/8.56#人口疏解/n_new/8.54#差别化监管/n_new/8.47#婚姻证明/n_new/8.44#购房手册/n_new/8.43#身份证件原件/n_new/8.43#如下一/n_new/8.39#作风建设/n_new/8.39#房屋所有权/n_new/8.39#执业人员/n_new/8.34#公共建筑电耗/n_new/8.33#意向登记/n_new/8.31#安全防护/n_new/8.29#灌浆套筒连接/n_new/8.21#项目位于/n_new/8.21#城乡建设事业/n_new/8.16#民用建筑/n_new/8.10#完成全年/n_new/8.08#售房单位/n_new/8.06#网签/n_new/8.05#围合/n_new/8.05#装饰装修/n_new/8.05#二手房/n_new/8.05#身份证明/n_new/7.96#运营管理/n_new/7.91#区县政府/n_new/7.91#夫妻双方/n_new/7.91#性住房/n_new/7.89#火灾防控/n_new/7.89#准入标准/n_new/7.88#视频监控/n_new/7.87#监督总站/n_new/7.85#特此通知/n_new/7.80#事业单位/n_new/7.75#频次/n_new/7.74#项目经理/n_new/7.73#动员部署/n_new/7.73#规范化管理/n_new/7.73#续租/n_new/7.73#掌控/n_new/7.73#化管理/n_new/7.68#住房困难/n_new/7.67#预算单位/n_new/7.60#政策性住房/n_new/7.59#单体建筑/n_new/7.49#年月份/n_new/7.49#顶管机头/n_new/7.49#优先家庭组/n_new/7.46#上市交易/n_new/7.44#出租出借/n_new/7.44#街道乡镇/n_new/7.40#温馨提示/n_new/7.40#经济技术开发区/n_new/7.35#廉政风险/n_new/7.35#墙体材料/n_new/7.28#选房咨询/n_new/7.27#加盖/n_new/7.17#征地拆迁/n_new/7.08#国家体育场/n_new/7.06#稳步推进/n_new/7.06#退房/n_new/7.06#城镇私房/n_new/7.06#灌浆料/n_new/7.06#膜材/n_new/7.06#群租综合治理/n_new/7.02#北京市人民政府办公厅/n_new/7.00#分割出租/n_new/6.96#挂件/n_new/6.94#签字确认/n_new/6.85#置业有限公司/n_new/6.78#精细化/n_new/6.76#装配式混凝土/n_new/6.75#右转/n_new/6.73#通知强调/n_new/6.66#开拓创新/n_new/6.66#挂装/n_new/6.66#转移登记/n_new/6.65#政策解读/n_new/6.65#工作大纲/n_new/6.65#接缝/n_new/6.65#程序性执法/n_new/6.65#房改房/n_new/6.65#工程除外/n_new/6.65#
公共租赁住房/n_new/27.98#保障性住房/n_new/24.24#物业服务企业/n_new/23.43#房地产开发企业/n_new/22.45#廉租住房/n_new/21.85#违法违规行为/n_new/21.46#房地产经纪机构/n_new/20.56#轮候家庭/n_new/20.48#预拌混凝土/n_new/20.18#视频监控系统/n_new/18.35#行政主管部门/n_new/18.14#选房/n_new/17.63#施工现场/n_new/16.73#经济适用住房/n_new/16.58#公示/n_new/15.98#限价商品住房/n_new/15.96#配租/n_new/15.87#配租配售/n_new/15.78#预制混凝土构件/n_new/15.76#承租家庭/n_new/15.63#管理办法/n_new/15.58#公租房/n_new/15.46#绿色建筑/n_new/15.42#简易住宅楼改造/n_new/15.35#专项维修资金/n_new/15.32#存量房交易/n_new/15.04#定向安置房/n_new/14.89#城乡建设委/n_new/14.80#住宅产业化/n_new/14.39#征求意见稿/n_new/14.27#保障性安居工程/n_new/13.99#评标/n_new/13.90#轨道交通/n_new/13.76#通知如下一/n_new/13.60#管理暂行办法/n_new/13.39#建筑节能/n_new/13.12#应急维修/n_new/12.97#资格预审文件/n_new/12.85#责令限期改正/n_new/12.79#产权单位/n_new/12.69#扬尘治理/n_new/12.52#物业服务/n_new/12.27#租金补贴/n_new/12.08#扬尘治理专项/n_new/12.07#项目负责人/n_new/12.06#群租/n_new/12.02#北京市总站/n_new/11.95#物业管理条例/n_new/11.83#后期管理/n_new/11.83#家庭成员/n_new/11.72#电力用户/n_new/11.70#业主大会/n_new/11.70#网上签约/n_new/11.63#房地产经纪/n_new/11.60#建设工程货物/n_new/11.60#物业管理区域/n_new/11.52#膜结构/n_new/11.36#维修资金/n_new/11.29#市场秩序/n_new/11.24#住房城乡建设/n_new/11.21#注浆/n_new/11.20#民用建筑节能/n_new/11.20#安全隐患/n_new/11.18#电耗限额管理/n_new/11.13#混凝土试件/n_new/11.09#城镇房屋安全/n_new/11.06#型商品住房/n_new/10.98#存量房/n_new/10.93#顶管/n_new/10.92#核验/n_new/10.88#商品住房/n_new/10.83#合同履约/n_new/10.82#建设委/n_new/10.68#简易住宅楼/n_new/10.50#市委市政府/n_new/10.43#输入登记密码/n_new/10.41#登记密码/n_new/10.37#资质证书/n_new/10.32#试块/n_new/10.29#房管局/n_new/10.27#城镇房屋/n_new/10.23#征收拆迁/n_new/10.17#公共租赁/n_new/10.12#保障性/n_new/10.06#钢结构/n_new/10.00#监理工程师/n_new/9.99#第三方/n_new/9.93#限购/n_new/9.93#联系电话/n_new/9.81#选房场地/n_new/9.67#廉租/n_new/9.62#灌浆套筒/n_new/9.55#建造师/n_new/9.50#示范文本/n_new/9.50#预拌/n_new/9.48#定向安置/n_new/9.44#房屋征收/n_new/9.42#经纪机构/n_new/9.40#文明施工/n_new/9.30#长效机制/n_new/9.30#建设收购/n_new/9.30#轮候/n_new/9.28#优先家庭/n_new/9.17#电耗限额/n_new/9.09#华混凝土有限公司/n_new/9.00#租赁住房/n_new/8.94#资格预审/n_new/8.90#抗震加固/n_new/8.86#普通地下室/n_new/8.83#试件/n_new/8.76#施工许可证/n_new/8.74#行业协会/n_new/8.73#参建单位/n_new/8.73#民生工程/n_new/8.70#吊顶石材/n_new/8.68#建筑垃圾/n_new/8.60#核定表/n_new/8.56#隐蔽验收/n_new/8.56#人口疏解/n_new/8.54#差别化监管/n_new/8.47#婚姻证明/n_new/8.44#购房手册/n_new/8.43#身份证件原件/n_new/8.43#如下一/n_new/8.39#作风建设/n_new/8.39#房屋所有权/n_new/8.39#执业人员/n_new/8.34#公共建筑电耗/n_new/8.33#意向登记/n_new/8.31#安全防护/n_new/8.29#灌浆套筒连接/n_new/8.21#项目位于/n_new/8.21#城乡建设事业/n_new/8.16#民用建筑/n_new/8.10#完成全年/n_new/8.08#售房单位/n_new/8.06#网签/n_new/8.05#围合/n_new/8.05#装饰装修/n_new/8.05#二手房/n_new/8.05#身份证明/n_new/7.96#运营管理/n_new/7.91#区县政府/n_new/7.91#夫妻双方/n_new/7.91#性住房/n_new/7.89#火灾防控/n_new/7.89#准入标准/n_new/7.88#视频监控/n_new/7.87#监督总站/n_new/7.85#特此通知/n_new/7.80#事业单位/n_new/7.75#频次/n_new/7.74#项目经理/n_new/7.73#动员部署/n_new/7.73#规范化管理/n_new/7.73#续租/n_new/7.73#掌控/n_new/7.73#化管理/n_new/7.68#住房困难/n_new/7.67#预算单位/n_new/7.60#政策性住房/n_new/7.59#单体建筑/n_new/7.49#年月份/n_new/7.49#顶管机头/n_new/7.49#优先家庭组/n_new/7.46#上市交易/n_new/7.44#出租出借/n_new/7.44#街道乡镇/n_new/7.40#温馨提示/n_new/7.40#经济技术开发区/n_new/7.35#廉政风险/n_new/7.35#墙体材料/n_new/7.28#选房咨询/n_new/7.27#加盖/n_new/7.17#征地拆迁/n_new/7.08#国家体育场/n_new/7.06#稳步推进/n_new/7.06#退房/n_new/7.06#城镇私房/n_new/7.06#灌浆料/n_new/7.06#膜材/n_new/7.06#群租综合治理/n_new/7.02#北京市人民政府办公厅/n_new/7.00#分割出租/n_new/6.96#挂件/n_new/6.94#签字确认/n_new/6.85#置业有限公司/n_new/6.78#精细化/n_new/6.76#装配式混凝土/n_new/6.75#右转/n_new/6.73#通知强调/n_new/6.66#开拓创新/n_new/6.66#挂装/n_new/6.66#转移登记/n_new/6.65#政策解读/n_new/6.65#工作大纲/n_new/6.65#接缝/n_new/6.65#程序性执法/n_new/6.65#房改房/n_new/6.65#工程除外/n_new/6.65#
公共租赁住房/n_new/27.98#保障性住房/n_new/24.24#物业服务企业/n_new/23.43#房地产开发企业/n_new/22.45#廉租住房/n_new/21.85#违法违规行为/n_new/21.46#房地产经纪机构/n_new/20.56#轮候家庭/n_new/20.48#预拌混凝土/n_new/20.18#视频监控系统/n_new/18.35#行政主管部门/n_new/18.14#选房/n_new/17.63#施工现场/n_new/16.73#经济适用住房/n_new/16.58#公示/n_new/15.98#限价商品住房/n_new/15.96#配租/n_new/15.87#配租配售/n_new/15.78#预制混凝土构件/n_new/15.76#承租家庭/n_new/15.63#管理办法/n_new/15.58#公租房/n_new/15.46#绿色建筑/n_new/15.42#简易住宅楼改造/n_new/15.35#专项维修资金/n_new/15.32#存量房交易/n_new/15.04#定向安置房/n_new/14.89#城乡建设委/n_new/14.80#住宅产业化/n_new/14.39#征求意见稿/n_new/14.27#保障性安居工程/n_new/13.99#评标/n_new/13.90#轨道交通/n_new/13.76#通知如下一/n_new/13.60#管理暂行办法/n_new/13.39#建筑节能/n_new/13.12#应急维修/n_new/12.97#资格预审文件/n_new/12.85#责令限期改正/n_new/12.79#产权单位/n_new/12.69#扬尘治理/n_new/12.52#物业服务/n_new/12.27#租金补贴/n_new/12.08#扬尘治理专项/n_new/12.07#项目负责人/n_new/12.06#群租/n_new/12.02#北京市总站/n_new/11.95#物业管理条例/n_new/11.83#后期管理/n_new/11.83#家庭成员/n_new/11.72#电力用户/n_new/11.70#业主大会/n_new/11.70#网上签约/n_new/11.63#房地产经纪/n_new/11.60#建设工程货物/n_new/11.60#物业管理区域/n_new/11.52#膜结构/n_new/11.36#维修资金/n_new/11.29#市场秩序/n_new/11.24#住房城乡建设/n_new/11.21#注浆/n_new/11.20#民用建筑节能/n_new/11.20#安全隐患/n_new/11.18#电耗限额管理/n_new/11.13#混凝土试件/n_new/11.09#城镇房屋安全/n_new/11.06#型商品住房/n_new/10.98#存量房/n_new/10.93#顶管/n_new/10.92#核验/n_new/10.88#商品住房/n_new/10.83#合同履约/n_new/10.82#建设委/n_new/10.68#简易住宅楼/n_new/10.50#市委市政府/n_new/10.43#输入登记密码/n_new/10.41#登记密码/n_new/10.37#资质证书/n_new/10.32#试块/n_new/10.29#房管局/n_new/10.27#城镇房屋/n_new/10.23#征收拆迁/n_new/10.17#公共租赁/n_new/10.12#保障性/n_new/10.06#钢结构/n_new/10.00#监理工程师/n_new/9.99#第三方/n_new/9.93#限购/n_new/9.93#联系电话/n_new/9.81#选房场地/n_new/9.67#廉租/n_new/9.62#灌浆套筒/n_new/9.55#建造师/n_new/9.50#示范文本/n_new/9.50#预拌/n_new/9.48#定向安置/n_new/9.44#房屋征收/n_new/9.42#经纪机构/n_new/9.40#文明施工/n_new/9.30#长效机制/n_new/9.30#建设收购/n_new/9.30#轮候/n_new/9.28#优先家庭/n_new/9.17#电耗限额/n_new/9.09#华混凝土有限公司/n_new/9.00#租赁住房/n_new/8.94#资格预审/n_new/8.90#抗震加固/n_new/8.86#普通地下室/n_new/8.83#试件/n_new/8.76#施工许可证/n_new/8.74#行业协会/n_new/8.73#参建单位/n_new/8.73#民生工程/n_new/8.70#吊顶石材/n_new/8.68#建筑垃圾/n_new/8.60#核定表/n_new/8.56#隐蔽验收/n_new/8.56#人口疏解/n_new/8.54#差别化监管/n_new/8.47#婚姻证明/n_new/8.44#购房手册/n_new/8.43#身份证件原件/n_new/8.43#如下一/n_new/8.39#作风建设/n_new/8.39#房屋所有权/n_new/8.39#执业人员/n_new/8.34#公共建筑电耗/n_new/8.33#意向登记/n_new/8.31#安全防护/n_new/8.29#灌浆套筒连接/n_new/8.21#项目位于/n_new/8.21#城乡建设事业/n_new/8.16#民用建筑/n_new/8.10#完成全年/n_new/8.08#售房单位/n_new/8.06#网签/n_new/8.05#围合/n_new/8.05#装饰装修/n_new/8.05#二手房/n_new/8.05#身份证明/n_new/7.96#运营管理/n_new/7.91#区县政府/n_new/7.91#夫妻双方/n_new/7.91#性住房/n_new/7.89#火灾防控/n_new/7.89#准入标准/n_new/7.88#视频监控/n_new/7.87#监督总站/n_new/7.85#特此通知/n_new/7.80#事业单位/n_new/7.75#频次/n_new/7.74#项目经理/n_new/7.73#动员部署/n_new/7.73#规范化管理/n_new/7.73#续租/n_new/7.73#掌控/n_new/7.73#化管理/n_new/7.68#住房困难/n_new/7.67#预算单位/n_new/7.60#政策性住房/n_new/7.59#单体建筑/n_new/7.49#年月份/n_new/7.49#顶管机头/n_new/7.49#优先家庭组/n_new/7.46#上市交易/n_new/7.44#出租出借/n_new/7.44#街道乡镇/n_new/7.40#温馨提示/n_new/7.40#经济技术开发区/n_new/7.35#廉政风险/n_new/7.35#墙体材料/n_new/7.28#选房咨询/n_new/7.27#加盖/n_new/7.17#征地拆迁/n_new/7.08#国家体育场/n_new/7.06#稳步推进/n_new/7.06#退房/n_new/7.06#城镇私房/n_new/7.06#灌浆料/n_new/7.06#膜材/n_new/7.06#群租综合治理/n_new/7.02#北京市人民政府办公厅/n_new/7.00#分割出租/n_new/6.96#挂件/n_new/6.94#签字确认/n_new/6.85#置业有限公司/n_new/6.78#精细化/n_new/6.76#装配式混凝土/n_new/6.75#右转/n_new/6.73#通知强调/n_new/6.66#开拓创新/n_new/6.66#挂装/n_new/6.66#转移登记/n_new/6.65#政策解读/n_new/6.65#工作大纲/n_new/6.65#接缝/n_new/6.65#程序性执法/n_new/6.65#房改房/n_new/6.65#工程除外/n_new/6.65#
公共租赁住房/n_new/27.98#保障性住房/n_new/24.24#物业服务企业/n_new/23.43#房地产开发企业/n_new/22.45#廉租住房/n_new/21.85#违法违规行为/n_new/21.46#房地产经纪机构/n_new/20.56#轮候家庭/n_new/20.48#预拌混凝土/n_new/20.18#视频监控系统/n_new/18.35#行政主管部门/n_new/18.14#选房/n_new/17.63#施工现场/n_new/16.73#经济适用住房/n_new/16.58#公示/n_new/15.98#限价商品住房/n_new/15.96#配租/n_new/15.87#配租配售/n_new/15.78#预制混凝土构件/n_new/15.76#承租家庭/n_new/15.63#管理办法/n_new/15.58#公租房/n_new/15.46#绿色建筑/n_new/15.42#简易住宅楼改造/n_new/15.35#专项维修资金/n_new/15.32#存量房交易/n_new/15.04#定向安置房/n_new/14.89#城乡建设委/n_new/14.80#住宅产业化/n_new/14.39#征求意见稿/n_new/14.27#保障性安居工程/n_new/13.99#评标/n_new/13.90#轨道交通/n_new/13.76#通知如下一/n_new/13.60#管理暂行办法/n_new/13.39#建筑节能/n_new/13.12#应急维修/n_new/12.97#资格预审文件/n_new/12.85#责令限期改正/n_new/12.79#产权单位/n_new/12.69#扬尘治理/n_new/12.52#物业服务/n_new/12.27#租金补贴/n_new/12.08#扬尘治理专项/n_new/12.07#项目负责人/n_new/12.06#群租/n_new/12.02#北京市总站/n_new/11.95#物业管理条例/n_new/11.83#后期管理/n_new/11.83#家庭成员/n_new/11.72#电力用户/n_new/11.70#业主大会/n_new/11.70#网上签约/n_new/11.63#房地产经纪/n_new/11.60#建设工程货物/n_new/11.60#物业管理区域/n_new/11.52#膜结构/n_new/11.36#维修资金/n_new/11.29#市场秩序/n_new/11.24#住房城乡建设/n_new/11.21#注浆/n_new/11.20#民用建筑节能/n_new/11.20#安全隐患/n_new/11.18#电耗限额管理/n_new/11.13#混凝土试件/n_new/11.09#城镇房屋安全/n_new/11.06#型商品住房/n_new/10.98#存量房/n_new/10.93#顶管/n_new/10.92#核验/n_new/10.88#商品住房/n_new/10.83#合同履约/n_new/10.82#建设委/n_new/10.68#简易住宅楼/n_new/10.50#市委市政府/n_new/10.43#输入登记密码/n_new/10.41#登记密码/n_new/10.37#资质证书/n_new/10.32#试块/n_new/10.29#房管局/n_new/10.27#城镇房屋/n_new/10.23#征收拆迁/n_new/10.17#公共租赁/n_new/10.12#保障性/n_new/10.06#钢结构/n_new/10.00#监理工程师/n_new/9.99#第三方/n_new/9.93#限购/n_new/9.93#联系电话/n_new/9.81#选房场地/n_new/9.67#廉租/n_new/9.62#灌浆套筒/n_new/9.55#建造师/n_new/9.50#示范文本/n_new/9.50#预拌/n_new/9.48#定向安置/n_new/9.44#房屋征收/n_new/9.42#经纪机构/n_new/9.40#文明施工/n_new/9.30#长效机制/n_new/9.30#建设收购/n_new/9.30#轮候/n_new/9.28#优先家庭/n_new/9.17#电耗限额/n_new/9.09#华混凝土有限公司/n_new/9.00#租赁住房/n_new/8.94#资格预审/n_new/8.90#抗震加固/n_new/8.86#普通地下室/n_new/8.83#试件/n_new/8.76#施工许可证/n_new/8.74#行业协会/n_new/8.73#参建单位/n_new/8.73#民生工程/n_new/8.70#吊顶石材/n_new/8.68#建筑垃圾/n_new/8.60#核定表/n_new/8.56#隐蔽验收/n_new/8.56#人口疏解/n_new/8.54#差别化监管/n_new/8.47#婚姻证明/n_new/8.44#购房手册/n_new/8.43#身份证件原件/n_new/8.43#如下一/n_new/8.39#作风建设/n_new/8.39#房屋所有权/n_new/8.39#执业人员/n_new/8.34#公共建筑电耗/n_new/8.33#意向登记/n_new/8.31#安全防护/n_new/8.29#灌浆套筒连接/n_new/8.21#项目位于/n_new/8.21#城乡建设事业/n_new/8.16#民用建筑/n_new/8.10#完成全年/n_new/8.08#售房单位/n_new/8.06#网签/n_new/8.05#围合/n_new/8.05#装饰装修/n_new/8.05#二手房/n_new/8.05#身份证明/n_new/7.96#运营管理/n_new/7.91#区县政府/n_new/7.91#夫妻双方/n_new/7.91#性住房/n_new/7.89#火灾防控/n_new/7.89#准入标准/n_new/7.88#视频监控/n_new/7.87#监督总站/n_new/7.85#特此通知/n_new/7.80#事业单位/n_new/7.75#频次/n_new/7.74#项目经理/n_new/7.73#动员部署/n_new/7.73#规范化管理/n_new/7.73#续租/n_new/7.73#掌控/n_new/7.73#化管理/n_new/7.68#住房困难/n_new/7.67#预算单位/n_new/7.60#政策性住房/n_new/7.59#单体建筑/n_new/7.49#年月份/n_new/7.49#顶管机头/n_new/7.49#优先家庭组/n_new/7.46#上市交易/n_new/7.44#出租出借/n_new/7.44#街道乡镇/n_new/7.40#温馨提示/n_new/7.40#经济技术开发区/n_new/7.35#廉政风险/n_new/7.35#墙体材料/n_new/7.28#选房咨询/n_new/7.27#加盖/n_new/7.17#征地拆迁/n_new/7.08#国家体育场/n_new/7.06#稳步推进/n_new/7.06#退房/n_new/7.06#城镇私房/n_new/7.06#灌浆料/n_new/7.06#膜材/n_new/7.06#群租综合治理/n_new/7.02#北京市人民政府办公厅/n_new/7.00#分割出租/n_new/6.96#挂件/n_new/6.94#签字确认/n_new/6.85#置业有限公司/n_new/6.78#精细化/n_new/6.76#装配式混凝土/n_new/6.75#右转/n_new/6.73#通知强调/n_new/6.66#开拓创新/n_new/6.66#挂装/n_new/6.66#转移登记/n_new/6.65#政策解读/n_new/6.65#工作大纲/n_new/6.65#接缝/n_new/6.65#程序性执法/n_new/6.65#房改房/n_new/6.65#工程除外/n_new/6.65#
公共租赁住房/n_new/27.98#保障性住房/n_new/24.24#物业服务企业/n_new/23.43#房地产开发企业/n_new/22.45#廉租住房/n_new/21.85#违法违规行为/n_new/21.46#房地产经纪机构/n_new/20.56#轮候家庭/n_new/20.48#预拌混凝土/n_new/20.18#视频监控系统/n_new/18.35#行政主管部门/n_new/18.14#选房/n_new/17.63#施工现场/n_new/16.73#经济适用住房/n_new/16.58#公示/n_new/15.98#限价商品住房/n_new/15.96#配租/n_new/15.87#配租配售/n_new/15.78#预制混凝土构件/n_new/15.76#承租家庭/n_new/15.63#管理办法/n_new/15.58#公租房/n_new/15.46#绿色建筑/n_new/15.42#简易住宅楼改造/n_new/15.35#专项维修资金/n_new/15.32#存量房交易/n_new/15.04#定向安置房/n_new/14.89#城乡建设委/n_new/14.80#住宅产业化/n_new/14.39#征求意见稿/n_new/14.27#保障性安居工程/n_new/13.99#评标/n_new/13.90#轨道交通/n_new/13.76#通知如下一/n_new/13.60#管理暂行办法/n_new/13.39#建筑节能/n_new/13.12#应急维修/n_new/12.97#资格预审文件/n_new/12.85#责令限期改正/n_new/12.79#产权单位/n_new/12.69#扬尘治理/n_new/12.52#物业服务/n_new/12.27#租金补贴/n_new/12.08#扬尘治理专项/n_new/12.07#项目负责人/n_new/12.06#群租/n_new/12.02#北京市总站/n_new/11.95#物业管理条例/n_new/11.83#后期管理/n_new/11.83#家庭成员/n_new/11.72#电力用户/n_new/11.70#业主大会/n_new/11.70#网上签约/n_new/11.63#房地产经纪/n_new/11.60#建设工程货物/n_new/11.60#物业管理区域/n_new/11.52#膜结构/n_new/11.36#维修资金/n_new/11.29#市场秩序/n_new/11.24#住房城乡建设/n_new/11.21#注浆/n_new/11.20#民用建筑节能/n_new/11.20#安全隐患/n_new/11.18#电耗限额管理/n_new/11.13#混凝土试件/n_new/11.09#城镇房屋安全/n_new/11.06#型商品住房/n_new/10.98#存量房/n_new/10.93#顶管/n_new/10.92#核验/n_new/10.88#商品住房/n_new/10.83#合同履约/n_new/10.82#建设委/n_new/10.68#简易住宅楼/n_new/10.50#市委市政府/n_new/10.43#输入登记密码/n_new/10.41#登记密码/n_new/10.37#资质证书/n_new/10.32#试块/n_new/10.29#房管局/n_new/10.27#城镇房屋/n_new/10.23#征收拆迁/n_new/10.17#公共租赁/n_new/10.12#保障性/n_new/10.06#钢结构/n_new/10.00#监理工程师/n_new/9.99#第三方/n_new/9.93#限购/n_new/9.93#联系电话/n_new/9.81#选房场地/n_new/9.67#廉租/n_new/9.62#灌浆套筒/n_new/9.55#建造师/n_new/9.50#示范文本/n_new/9.50#预拌/n_new/9.48#定向安置/n_new/9.44#房屋征收/n_new/9.42#经纪机构/n_new/9.40#文明施工/n_new/9.30#长效机制/n_new/9.30#建设收购/n_new/9.30#轮候/n_new/9.28#优先家庭/n_new/9.17#电耗限额/n_new/9.09#华混凝土有限公司/n_new/9.00#租赁住房/n_new/8.94#资格预审/n_new/8.90#抗震加固/n_new/8.86#普通地下室/n_new/8.83#试件/n_new/8.76#施工许可证/n_new/8.74#行业协会/n_new/8.73#参建单位/n_new/8.73#民生工程/n_new/8.70#吊顶石材/n_new/8.68#建筑垃圾/n_new/8.60#核定表/n_new/8.56#隐蔽验收/n_new/8.56#人口疏解/n_new/8.54#差别化监管/n_new/8.47#婚姻证明/n_new/8.44#购房手册/n_new/8.43#身份证件原件/n_new/8.43#如下一/n_new/8.39#作风建设/n_new/8.39#房屋所有权/n_new/8.39#执业人员/n_new/8.34#公共建筑电耗/n_new/8.33#意向登记/n_new/8.31#安全防护/n_new/8.29#灌浆套筒连接/n_new/8.21#项目位于/n_new/8.21#城乡建设事业/n_new/8.16#民用建筑/n_new/8.10#完成全年/n_new/8.08#售房单位/n_new/8.06#网签/n_new/8.05#围合/n_new/8.05#装饰装修/n_new/8.05#二手房/n_new/8.05#身份证明/n_new/7.96#运营管理/n_new/7.91#区县政府/n_new/7.91#夫妻双方/n_new/7.91#性住房/n_new/7.89#火灾防控/n_new/7.89#准入标准/n_new/7.88#视频监控/n_new/7.87#监督总站/n_new/7.85#特此通知/n_new/7.80#事业单位/n_new/7.75#频次/n_new/7.74#项目经理/n_new/7.73#动员部署/n_new/7.73#规范化管理/n_new/7.73#续租/n_new/7.73#掌控/n_new/7.73#化管理/n_new/7.68#住房困难/n_new/7.67#预算单位/n_new/7.60#政策性住房/n_new/7.59#单体建筑/n_new/7.49#年月份/n_new/7.49#顶管机头/n_new/7.49#优先家庭组/n_new/7.46#上市交易/n_new/7.44#出租出借/n_new/7.44#街道乡镇/n_new/7.40#温馨提示/n_new/7.40#经济技术开发区/n_new/7.35#廉政风险/n_new/7.35#墙体材料/n_new/7.28#选房咨询/n_new/7.27#加盖/n_new/7.17#征地拆迁/n_new/7.08#国家体育场/n_new/7.06#稳步推进/n_new/7.06#退房/n_new/7.06#城镇私房/n_new/7.06#灌浆料/n_new/7.06#膜材/n_new/7.06#群租综合治理/n_new/7.02#北京市人民政府办公厅/n_new/7.00#分割出租/n_new/6.96#挂件/n_new/6.94#签字确认/n_new/6.85#置业有限公司/n_new/6.78#精细化/n_new/6.76#装配式混凝土/n_new/6.75#右转/n_new/6.73#通知强调/n_new/6.66#开拓创新/n_new/6.66#挂装/n_new/6.66#转移登记/n_new/6.65#政策解读/n_new/6.65#工作大纲/n_new/6.65#接缝/n_new/6.65#程序性执法/n_new/6.65#房改房/n_new/6.65#工程除外/n_new/6.65#
公共租赁住房/n_new/27.98#保障性住房/n_new/24.24#物业服务企业/n_new/23.43#房地产开发企业/n_new/22.45#廉租住房/n_new/21.85#违法违规行为/n_new/21.46#房地产经纪机构/n_new/20.56#轮候家庭/n_new/20.48#预拌混凝土/n_new/20.18#视频监控系统/n_new/18.35#行政主管部门/n_new/18.14#选房/n_new/17.63#施工现场/n_new/16.73#经济适用住房/n_new/16.58#公示/n_new/15.98#限价商品住房/n_new/15.96#配租/n_new/15.87#配租配售/n_new/15.78#预制混凝土构件/n_new/15.76#承租家庭/n_new/15.63#管理办法/n_new/15.58#公租房/n_new/15.46#绿色建筑/n_new/15.42#简易住宅楼改造/n_new/15.35#专项维修资金/n_new/15.32#存量房交易/n_new/15.04#定向安置房/n_new/14.89#城乡建设委/n_new/14.80#住宅产业化/n_new/14.39#征求意见稿/n_new/14.27#保障性安居工程/n_new/13.99#评标/n_new/13.90#轨道交通/n_new/13.76#通知如下一/n_new/13.60#管理暂行办法/n_new/13.39#建筑节能/n_new/13.12#应急维修/n_new/12.97#资格预审文件/n_new/12.85#责令限期改正/n_new/12.79#产权单位/n_new/12.69#扬尘治理/n_new/12.52#物业服务/n_new/12.27#租金补贴/n_new/12.08#扬尘治理专项/n_new/12.07#项目负责人/n_new/12.06#群租/n_new/12.02#北京市总站/n_new/11.95#物业管理条例/n_new/11.83#后期管理/n_new/11.83#家庭成员/n_new/11.72#电力用户/n_new/11.70#业主大会/n_new/11.70#网上签约/n_new/11.63#房地产经纪/n_new/11.60#建设工程货物/n_new/11.60#物业管理区域/n_new/11.52#膜结构/n_new/11.36#维修资金/n_new/11.29#市场秩序/n_new/11.24#住房城乡建设/n_new/11.21#注浆/n_new/11.20#民用建筑节能/n_new/11.20#安全隐患/n_new/11.18#电耗限额管理/n_new/11.13#混凝土试件/n_new/11.09#城镇房屋安全/n_new/11.06#型商品住房/n_new/10.98#存量房/n_new/10.93#顶管/n_new/10.92#核验/n_new/10.88#商品住房/n_new/10.83#合同履约/n_new/10.82#建设委/n_new/10.68#简易住宅楼/n_new/10.50#市委市政府/n_new/10.43#输入登记密码/n_new/10.41#登记密码/n_new/10.37#资质证书/n_new/10.32#试块/n_new/10.29#房管局/n_new/10.27#城镇房屋/n_new/10.23#征收拆迁/n_new/10.17#公共租赁/n_new/10.12#保障性/n_new/10.06#钢结构/n_new/10.00#监理工程师/n_new/9.99#第三方/n_new/9.93#限购/n_new/9.93#联系电话/n_new/9.81#选房场地/n_new/9.67#廉租/n_new/9.62#灌浆套筒/n_new/9.55#建造师/n_new/9.50#示范文本/n_new/9.50#预拌/n_new/9.48#定向安置/n_new/9.44#房屋征收/n_new/9.42#经纪机构/n_new/9.40#文明施工/n_new/9.30#长效机制/n_new/9.30#建设收购/n_new/9.30#轮候/n_new/9.28#优先家庭/n_new/9.17#电耗限额/n_new/9.09#华混凝土有限公司/n_new/9.00#租赁住房/n_new/8.94#资格预审/n_new/8.90#抗震加固/n_new/8.86#普通地下室/n_new/8.83#试件/n_new/8.76#施工许可证/n_new/8.74#行业协会/n_new/8.73#参建单位/n_new/8.73#民生工程/n_new/8.70#吊顶石材/n_new/8.68#建筑垃圾/n_new/8.60#核定表/n_new/8.56#隐蔽验收/n_new/8.56#人口疏解/n_new/8.54#差别化监管/n_new/8.47#婚姻证明/n_new/8.44#购房手册/n_new/8.43#身份证件原件/n_new/8.43#如下一/n_new/8.39#作风建设/n_new/8.39#房屋所有权/n_new/8.39#执业人员/n_new/8.34#公共建筑电耗/n_new/8.33#意向登记/n_new/8.31#安全防护/n_new/8.29#灌浆套筒连接/n_new/8.21#项目位于/n_new/8.21#城乡建设事业/n_new/8.16#民用建筑/n_new/8.10#完成全年/n_new/8.08#售房单位/n_new/8.06#网签/n_new/8.05#围合/n_new/8.05#装饰装修/n_new/8.05#二手房/n_new/8.05#身份证明/n_new/7.96#运营管理/n_new/7.91#区县政府/n_new/7.91#夫妻双方/n_new/7.91#性住房/n_new/7.89#火灾防控/n_new/7.89#准入标准/n_new/7.88#视频监控/n_new/7.87#监督总站/n_new/7.85#特此通知/n_new/7.80#事业单位/n_new/7.75#频次/n_new/7.74#项目经理/n_new/7.73#动员部署/n_new/7.73#规范化管理/n_new/7.73#续租/n_new/7.73#掌控/n_new/7.73#化管理/n_new/7.68#住房困难/n_new/7.67#预算单位/n_new/7.60#政策性住房/n_new/7.59#单体建筑/n_new/7.49#年月份/n_new/7.49#顶管机头/n_new/7.49#优先家庭组/n_new/7.46#上市交易/n_new/7.44#出租出借/n_new/7.44#街道乡镇/n_new/7.40#温馨提示/n_new/7.40#经济技术开发区/n_new/7.35#廉政风险/n_new/7.35#墙体材料/n_new/7.28#选房咨询/n_new/7.27#加盖/n_new/7.17#征地拆迁/n_new/7.08#国家体育场/n_new/7.06#稳步推进/n_new/7.06#退房/n_new/7.06#城镇私房/n_new/7.06#灌浆料/n_new/7.06#膜材/n_new/7.06#群租综合治理/n_new/7.02#北京市人民政府办公厅/n_new/7.00#分割出租/n_new/6.96#挂件/n_new/6.94#签字确认/n_new/6.85#置业有限公司/n_new/6.78#精细化/n_new/6.76#装配式混凝土/n_new/6.75#右转/n_new/6.73#通知强调/n_new/6.66#开拓创新/n_new/6.66#挂装/n_new/6.66#转移登记/n_new/6.65#政策解读/n_new/6.65#工作大纲/n_new/6.65#接缝/n_new/6.65#程序性执法/n_new/6.65#房改房/n_new/6.65#工程除外/n_new/6.65#
公共租赁住房#保障性住房#物业服务企业#房地产开发企业#廉租住房#违法违规行为#房地产经纪机构#轮候家庭#预拌混凝土#视频监控系统#行政主管部门#选房#施工现场#经济适用住房#公示#限价商品住房#配租#配租配售#预制混凝土构件#承租家庭#管理办法#公租房#绿色建筑#简易住宅楼改造#专项维修资金#存量房交易#定向安置房#城乡建设委#住宅产业化#征求意见稿#保障性安居工程#评标#轨道交通#通知如下一#管理暂行办法#建筑节能#应急维修#资格预审文件#责令限期改正#产权单位#扬尘治理#物业服务#租金补贴#扬尘治理专项#项目负责人#群租#北京市总站#物业管理条例#后期管理#家庭成员#电力用户#业主大会#网上签约#房地产经纪#建设工程货物#物业管理区域#膜结构#维修资金#市场秩序#住房城乡建设#注浆#民用建筑节能#安全隐患#电耗限额管理#混凝土试件#城镇房屋安全#型商品住房#存量房#顶管#核验#商品住房#合同履约#建设委#简易住宅楼#市委市政府#输入登记密码#登记密码#资质证书#试块#房管局#城镇房屋#征收拆迁#公共租赁#保障性#钢结构#监理工程师#第三方#限购#联系电话#选房场地#廉租#灌浆套筒#建造师#示范文本#预拌#定向安置#房屋征收#经纪机构#文明施工#长效机制#建设收购#轮候#优先家庭#电耗限额#华混凝土有限公司#租赁住房#资格预审#抗震加固#普通地下室#试件#施工许可证#行业协会#参建单位#民生工程#吊顶石材#建筑垃圾#核定表#隐蔽验收#人口疏解#差别化监管#婚姻证明#购房手册#身份证件原件#如下一#作风建设#房屋所有权#执业人员#公共建筑电耗#意向登记#安全防护#灌浆套筒连接#项目位于#城乡建设事业#民用建筑#完成全年#售房单位#网签#围合#装饰装修#二手房#身份证明#运营管理#区县政府#夫妻双方#性住房#火灾防控#准入标准#视频监控#监督总站#特此通知#事业单位#频次#项目经理#动员部署#规范化管理#续租#掌控#化管理#住房困难#预算单位#政策性住房#单体建筑#年月份#顶管机头#优先家庭组#上市交易#出租出借#街道乡镇#温馨提示#经济技术开发区#廉政风险#墙体材料#选房咨询#加盖#征地拆迁#国家体育场#稳步推进#退房#城镇私房#灌浆料#膜材#群租综合治理#北京市人民政府办公厅#分割出租#挂件#签字确认#置业有限公司#精细化#装配式混凝土#右转#通知强调#开拓创新#挂装#转移登记#政策解读#工作大纲#接缝#程序性执法#房改房#工程除外#
公共租赁住房#保障性住房#物业服务企业#房地产开发企业#廉租住房#违法违规行为#房地产经纪机构#轮候家庭#预拌混凝土#视频监控系统#行政主管部门#选房#施工现场#经济适用住房#公示#限价商品住房#配租#配租配售#预制混凝土构件#承租家庭#管理办法#公租房#绿色建筑#简易住宅楼改造#专项维修资金#存量房交易#定向安置房#城乡建设委#住宅产业化#征求意见稿#保障性安居工程#评标#轨道交通#通知如下一#管理暂行办法#建筑节能#应急维修#资格预审文件#责令限期改正#产权单位#扬尘治理#物业服务#租金补贴#扬尘治理专项#项目负责人#群租#北京市总站#物业管理条例#后期管理#家庭成员#电力用户#业主大会#网上签约#房地产经纪#建设工程货物#物业管理区域#膜结构#维修资金#市场秩序#住房城乡建设#注浆#民用建筑节能#安全隐患#电耗限额管理#混凝土试件#城镇房屋安全#型商品住房#存量房#顶管#核验#商品住房#合同履约#建设委#简易住宅楼#市委市政府#输入登记密码#登记密码#资质证书#试块#房管局#城镇房屋#征收拆迁#公共租赁#保障性#钢结构#监理工程师#第三方#限购#联系电话#选房场地#廉租#灌浆套筒#建造师#示范文本#预拌#定向安置#房屋征收#经纪机构#文明施工#长效机制#建设收购#轮候#优先家庭#电耗限额#华混凝土有限公司#租赁住房#资格预审#抗震加固#普通地下室#试件#施工许可证#行业协会#参建单位#民生工程#吊顶石材#建筑垃圾#核定表#隐蔽验收#人口疏解#差别化监管#婚姻证明#购房手册#身份证件原件#如下一#作风建设#房屋所有权#执业人员#公共建筑电耗#意向登记#安全防护#灌浆套筒连接#项目位于#城乡建设事业#民用建筑#完成全年#售房单位#网签#围合#装饰装修#二手房#身份证明#运营管理#区县政府#夫妻双方#性住房#火灾防控#准入标准#视频监控#监督总站#特此通知#事业单位#频次#项目经理#动员部署#规范化管理#续租#掌控#化管理#住房困难#预算单位#政策性住房#单体建筑#年月份#顶管机头#优先家庭组#上市交易#出租出借#街道乡镇#温馨提示#经济技术开发区#廉政风险#墙体材料#选房咨询#加盖#征地拆迁#国家体育场#稳步推进#退房#城镇私房#灌浆料#膜材#群租综合治理#北京市人民政府办公厅#分割出租#挂件#签字确认#置业有限公司#精细化#装配式混凝土#右转#通知强调#开拓创新#挂装#转移登记#政策解读#工作大纲#接缝#程序性执法#房改房#工程除外#
公共租赁住房/n_new/22.13#房地产经纪机构/n_new/18.83#物业服务企业/n_new/18.03#保障性住房/n_new/17.95#视频监控系统/n_new/17.61#房地产开发企业/n_new/16.80#房源核验/n_new/16.23#经济适用住房/n_new/15.27#施工现场/n_new/14.71#专项维修资金/n_new/14.70#存量房交易/n_new/13.81#应急维修/n_new/12.97#廉租住房/n_new/12.87#承租家庭/n_new/12.58#轮候家庭/n_new/12.48#公租房/n_new/12.16#业主委员会/n_new/12.09#违法违规行为/n_new/12.08#权证加密/n_new/12.07#行政主管部门/n_new/11.94#
公共租赁住房/n_new/24.23#廉租住房/n_new/19.82#预拌混凝土/n_new/19.41#轮候家庭/n_new/19.41#违法违规行为/n_new/18.26#选房/n_new/17.61#保障性住房/n_new/16.51#预制混凝土构件/n_new/15.76#金隅汇景苑/n_new/15.54#配租/n_new/15.38#专用存款账户/n_new/14.25#公示/n_new/14.17#城乡建设委/n_new/13.87#行政主管部门/n_new/13.58#施工现场/n_new/13.58#限价商品住房/n_new/13.33#简易住宅楼改造/n_new/13.30#承租家庭/n_new/13.19#违法群租/n_new/13.10#住宅产业化/n_new/12.91#
公共租赁住房#保障性住房#物业服务企业#房地产开发企业#廉租住房#违法违规行为#房地产经纪机构#轮候家庭#预拌混凝土#视频监控系统#行政主管部门#选房#施工现场#经济适用住房#公示#限价商品住房#配租#配租配售#预制混凝土构件#承租家庭#管理办法#公租房#绿色建筑#简易住宅楼改造#专项维修资金#存量房交易#定向安置房#城乡建设委#住宅产业化#征求意见稿#保障性安居工程#评标#轨道交通#通知如下一#管理暂行办法#建筑节能#应急维修#资格预审文件#责令限期改正#产权单位#扬尘治理#物业服务#租金补贴#扬尘治理专项#项目负责人#群租#北京市总站#物业管理条例#后期管理#家庭成员#电力用户#业主大会#网上签约#房地产经纪#建设工程货物#物业管理区域#膜结构#维修资金#市场秩序#住房城乡建设#注浆#民用建筑节能#安全隐患#电耗限额管理#混凝土试件#城镇房屋安全#型商品住房#存量房#顶管#核验#商品住房#合同履约#建设委#简易住宅楼#市委市政府#输入登记密码#登记密码#资质证书#试块#房管局#城镇房屋#征收拆迁#公共租赁#保障性#钢结构#监理工程师#第三方#限购#联系电话#选房场地#廉租#灌浆套筒#建造师#示范文本#预拌#定向安置#房屋征收#经纪机构#文明施工#长效机制#建设收购#轮候#优先家庭#电耗限额#华混凝土有限公司#租赁住房#资格预审#抗震加固#普通地下室#试件#施工许可证#行业协会#参建单位#民生工程#吊顶石材#建筑垃圾#核定表#隐蔽验收#人口疏解#差别化监管#婚姻证明#购房手册#身份证件原件#如下一#作风建设#房屋所有权#执业人员#公共建筑电耗#意向登记#安全防护#灌浆套筒连接#项目位于#城乡建设事业#民用建筑#完成全年#售房单位#网签#围合#装饰装修#二手房#身份证明#运营管理#区县政府#夫妻双方#性住房#火灾防控#准入标准#视频监控#监督总站#特此通知#事业单位#频次#项目经理#动员部署#规范化管理#续租#掌控#化管理#住房困难#预算单位#政策性住房#单体建筑#年月份#顶管机头#优先家庭组#上市交易#出租出借#街道乡镇#温馨提示#经济技术开发区#廉政风险#墙体材料#选房咨询#加盖#征地拆迁#国家体育场#稳步推进#退房#城镇私房#灌浆料#膜材#群租综合治理#北京市人民政府办公厅#分割出租#挂件#签字确认#置业有限公司#精细化#装配式混凝土#右转#通知强调#开拓创新#挂装#转移登记#政策解读#工作大纲#接缝#程序性执法#房改房#工程除外#安装精度#仿古建筑#耐久性#身份证件#预制混凝土#上级单位#三定三#年月日前#连接接头#专家论证#政府规章#分站北京#官方网站#铝合金模板#合同期满#限额管理#质量保修#住房城乡#优先面向#年耗电量#招标代理#调整系数#减排#市场预期#施工许可#预售门槛#头沟#门头#选房结束#防控#优活动#贯彻落实国务院办公厅#有关事项#帮助企业#劳务基地#科学发展观#提前介入#危险房屋#媒体曝光#基本建设程序#资质升级#对接安置#密码挂失#东城区西城区#预防煤气中毒#预制墙板#实物配租#注册执业#开发区建设局#夹心保温#质量终身#影像资料#房地产开发经营#片棚户区改造#道路场地#事务中心#行驶米#交存#网格化#广大干部#到场时间表#有效暂住证#朝阳双#混凝土构件#惩戒机制#房山金地#城乡建设#会计制度#经营场所#收费标准#形象进度#左转#方式筹集#家庭名单#工期紧#个红绿灯#小型工程#组织评议#屋盖#深入一线#累计积分#现浇#家庭年收入#协同配合#排泥#申购家庭#管理服务站#抽样检测#哄抬房价#管理规约#闭合管理#房屋调换#官网#抗压#打击违法违规#吊销资质证书#遵照执行#骗购#机票购买#能耗限额#条例国务院#改变房屋#房屋交付#危改#权属登记#索膜#山语城#轨道交通线路#土地收益#数据完整#指标解释#阳光工程#维修资金余额#工程实体#辅助评标#停止土石方#维修资金归集#土石方工程#主题词城乡建设#网格执法#住房城乡建设委#来源发布时间浏览次数#建设事业#物业共用#概算定额#裁量#货物招标#紧急情况#吊销资质#备案通知单#风险防范#北京城建#设计研究院#语城#合同价款#参阅附件#预拌砂浆#房地局#通知如下#电子政务#罚款金额#到场时间表附件#变动情况#解难题#抵押权#管机头#煤气中毒#扬尘治理专项资金#住房并轨#建设行政主管部门#属地优势#年轻干部#专项基金#家庭只能#基本特征#计算规则#测绘成果#活动氛围#享受公共#中心城区#抑制投资#所在单位#职责分工#行为时有发生#城子#等级评定#新建改建#抓拍功能#抓拍设备#资金支取#抢修加固#体育场工程#承揽工程#气体进行#情况分布图#擅自处分#标准养护#预拌混凝土生产#周期管理#操作工人#复合注浆#规划纲要#房屋权属#集团总公司#住宅专项维修资金#世界城市#产业现代化#调结构#补充规定#生产线建设#家庭变动#施行北京市#出让合同#前端摄像头#减少罚款金额#人才队伍#混凝土试#选房客户#街道乡镇住房保障管理部门#建设厅#相关事宜#危及房屋#购房申请表#预拌混凝土生产使用#调研交流#流动人口#通报批评#培育发展#开发经营#穿墙#安全负#相比本月#布局稳定#大规模建设#资金总额#气候条件#利于社会#建设精品#予以纠正#加载#聘请专家#精品工程#电话传真#购房比重#决定废止#内外墙#功能障碍#销户#时间紧#面积奖励#企业自愿#答通知#层面制定#自愿报名#安排专人#部门沟通#收回住房#刻章#部门联网#同比涨幅#适时出台#建筑总面积#招投标挂钩#社工#测评结果#闲置房源#案卷审查#杆件#等候区#搬迁安置#中长期规划#进行组装#商务区#系统辅助#外观质量#专项工作组#设计理念#报名回执#查验试点#现场装配#建筑门窗#高空焊接#混凝土看台#建材供应商#焊接工作量#惠民生#入围家庭#房屋登记簿#建设部商务部#北京市通州区#通州区住房#薄板焊接#燕房#构件体型#违规事实#视为放弃#按揭贷款#承接项目#拥有套#研究起草#米右#机构充实#百分之一#严重积水#技术大面积#入围银行#新建扩建#部门吊销#物流港#改建房屋#验收影像#回迁房#合同终止#来源发布时间浏览#选房咨询活动#项目选房咨询#共用部位#上述物品#高层建筑#建筑业总产值#公共建筑电耗限额管理#预制混凝土构件生产#隐瞒家庭#城镇房屋安全检查#预防煤气中毒工作#发布时间浏览次数#后续选房#实物配#周边环境#案件移送#规定期限#乡镇住房保障#公共建筑电耗限额#居室轮候家庭#营镇#存量房交易服务#关键技术#建设工程货物招标#发布时间#以下简称#远程视频监控系统#贯彻落实#户籍居民#房屋所有权证#房地产开发#预拌混凝土生产使用质量#主管部门#招标投标#建立健全#城镇房屋安全度汛#资质等级#违法违规#经济技术开发区建设局#棚户区改造#法律法规#合法权益#管理体制#开立扬尘治理专项资金#同比增长#工程造价#
